#
# A fatal error has been detected by the Java Runtime Environment:
#
#  EXCEPTION_ACCESS_VIOLATION (0xc0000005) at pc=0x00007ffffb25c4be, pid=21240, tid=23396
#
# JRE version: OpenJDK Runtime Environment Temurin-11.0.13+8 (11.0.13+8) (build 11.0.13+8)
# Java VM: OpenJDK 64-Bit Server VM Temurin-11.0.13+8 (11.0.13+8, mixed mode, tiered, compressed oops, g1 gc, windows-amd64)
# Problematic frame:
# C  [native-platform-file-events.dll+0x1c4be]
#
# No core dump will be written. Minidumps are not enabled by default on client versions of Windows
#
# If you would like to submit a bug report, please visit:
#   https://github.com/adoptium/adoptium-support/issues
# The crash happened outside the Java Virtual Machine in native code.
# See problematic frame for where to report the bug.
#

---------------  S U M M A R Y ------------

Command Line: --add-opens=java.base/java.util=ALL-UNNAMED --add-opens=java.base/java.lang=ALL-UNNAMED --add-opens=java.base/java.lang.invoke=ALL-UNNAMED --add-opens=java.base/java.util=ALL-UNNAMED --add-opens=java.prefs/java.util.prefs=ALL-UNNAMED --add-opens=java.prefs/java.util.prefs=ALL-UNNAMED --add-opens=java.base/java.nio.charset=ALL-UNNAMED --add-opens=java.base/java.net=ALL-UNNAMED --add-opens=java.base/java.util.concurrent.atomic=ALL-UNNAMED -XX:MaxMetaspaceSize=256m -XX:+HeapDumpOnOutOfMemoryError -Xms256m -Xmx512m -Dfile.encoding=windows-1251 -Duser.country=RU -Duser.language=ru -Duser.variant org.gradle.launcher.daemon.bootstrap.GradleDaemon 7.1

Host: Intel(R) Core(TM) i7-7700T CPU @ 2.90GHz, 8 cores, 15G,  Windows 10 , 64 bit Build 18362 (10.0.18362.329)
Time: Thu Jan 27 17:08:58 2022 RTZ 2 (ceia) elapsed time: 1766.691618 seconds (0d 0h 29m 26s)

---------------  T H R E A D  ---------------

Current thread (0x000001dd2b6a6800):  JavaThread "File watcher server" daemon [_thread_in_native, id=23396, stack(0x00000081a0300000,0x00000081a0400000)]

Stack: [0x00000081a0300000,0x00000081a0400000],  sp=0x00000081a03fe9b0,  free space=1018k
Native frames: (J=compiled Java code, j=interpreted, Vv=VM code, C=native code)
C  [native-platform-file-events.dll+0x1c4be]

Java frames: (J=compiled Java code, j=interpreted, Vv=VM code)
j  net.rubygrapefruit.platform.internal.jni.AbstractFileEventFunctions$NativeFileWatcher.executeRunLoop0(Ljava/lang/Object;)V+0
j  net.rubygrapefruit.platform.internal.jni.AbstractFileEventFunctions$NativeFileWatcher.access$100(Lnet/rubygrapefruit/platform/internal/jni/AbstractFileEventFunctions$NativeFileWatcher;Ljava/lang/Object;)V+2
j  net.rubygrapefruit.platform.internal.jni.AbstractFileEventFunctions$NativeFileWatcher$1.run()V+26
v  ~StubRoutines::call_stub

siginfo: EXCEPTION_ACCESS_VIOLATION (0xc0000005), reading address 0xffffffffffffffff


Register to memory mapping:

RIP=0x00007ffffb25c4be native-platform-file-events.dll
RAX=0x005c0065006c0064 is an unknown value
RBX=0x0000000000000001 is an unknown value
RCX=0x005c0065006c0064 is an unknown value
RDX=0x00000081a03fea08 is pointing into the stack for thread: 0x000001dd2b6a6800
RSP=0x00000081a03fe9b0 is pointing into the stack for thread: 0x000001dd2b6a6800
RBP=0x00000081a03ff368 is pointing into the stack for thread: 0x000001dd2b6a6800
RSI=0x0 is NULL
RDI=
[error occurred during error reporting (printing register info), id 0xc0000005, EXCEPTION_ACCESS_VIOLATION (0xc0000005) at pc=0x00007fffd1d158f6]

Registers:
RAX=0x005c0065006c0064, RBX=0x0000000000000001, RCX=0x005c0065006c0064, RDX=0x00000081a03fea08
RSP=0x00000081a03fe9b0, RBP=0x00000081a03ff368, RSI=0x0000000000000000, RDI=0x00000000ffffffff
R8 =0x00000081a03fea10, R9 =0x000000007ffef000, R10=0x0000000000000001, R11=0xfffffffff8eec87a
R12=0x0000000000000000, R13=0x000001dd2d4ebfa0, R14=0x00000081a03ff390, R15=0x000001dd2b6a6800
RIP=0x00007ffffb25c4be, EFLAGS=0x0000000000010202

Top of Stack: (sp=0x00000081a03fe9b0)
0x00000081a03fe9b0:   00019d11da80d150 00019d11ad97bb04
0x00000081a03fe9c0:   00019d11da80d150 00007ffffb277be5
0x00000081a03fe9d0:   00000081a03fea88 00000081a03fea08
0x00000081a03fe9e0:   0000008100000000 00000081a03fea18
0x00000081a03fe9f0:   00000081a03f0001 0000042175629174
0x00000081a03fea00:   00000081a03fea10 00000000000002f1
0x00000081a03fea10:   00019d11ad97bb04 00019d11da80d150
0x00000081a03fea20:   00000081a03ff390 00007ffffb277777
0x00000081a03fea30:   00000081a03fea88 00000081a03fea80
0x00000081a03fea40:   000001dd27af6d70 000001dd26b4fd50
0x00000081a03fea50:   0000000000000000 00007ffffb268bee
0x00000081a03fea60:   00019d11da80d150 00000000000002f1
0x00000081a03fea70:   000000819f3fbf80 0000000000000000
0x00000081a03fea80:   00005826373b9e2c 00000000000002f1
0x00000081a03fea90:   00000000e0731548 00007ffffb25c6ec
0x00000081a03feaa0:   005c0065006c0064 0000008100000003 

Instructions: (pc=0x00007ffffb25c4be)
0x00007ffffb25c3be:   8b 00 48 89 44 24 38 48 8b 44 24 38 48 89 44 24
0x00007ffffb25c3ce:   58 48 8b 84 24 b0 00 00 00 48 83 c0 08 48 89 44
0x00007ffffb25c3de:   24 40 48 8d 54 24 70 48 8b 4c 24 40 e8 26 50 fe
0x00007ffffb25c3ee:   ff 48 8b 00 48 89 44 24 48 48 8b 44 24 48 48 89
0x00007ffffb25c3fe:   44 24 60 4c 8b 4c 24 50 4c 8b 44 24 58 48 8b 54
0x00007ffffb25c40e:   24 60 48 8d 4c 24 78 e8 31 92 fe ff 48 8d 4c 24
0x00007ffffb25c41e:   78 e8 8b 6a fe ff 48 8b c8 ff 15 db ab 11 00 89
0x00007ffffb25c42e:   44 24 24 83 7c 24 24 ff 74 15 8b 44 24 24 83 e0
0x00007ffffb25c43e:   10 85 c0 74 0a c7 44 24 28 01 00 00 00 eb 08 c7
0x00007ffffb25c44e:   44 24 28 00 00 00 00 0f b6 44 24 28 88 44 24 20
0x00007ffffb25c45e:   48 8d 4c 24 78 e8 1f 97 fe ff 0f b6 44 24 20 48
0x00007ffffb25c46e:   8b 8c 24 98 00 00 00 48 33 cc e8 8f 76 fe ff 48
0x00007ffffb25c47e:   81 c4 a8 00 00 00 c3 cc cc cc cc cc cc cc cc cc
0x00007ffffb25c48e:   cc cc 48 89 4c 24 08 48 81 ec e8 00 00 00 48 8b
0x00007ffffb25c49e:   05 a5 7d 10 00 48 33 c4 48 89 84 24 d0 00 00 00
0x00007ffffb25c4ae:   c7 44 24 30 00 00 00 00 48 8b 84 24 f0 00 00 00
0x00007ffffb25c4be:   83 78 68 03 0f 84 02 01 00 00 48 8b 84 24 f0 00
0x00007ffffb25c4ce:   00 00 48 8b 48 28 ff 15 36 ab 11 00 89 44 24 38
0x00007ffffb25c4de:   83 7c 24 38 00 0f 85 d0 00 00 00 ba 07 00 00 00
0x00007ffffb25c4ee:   48 8b 0d 1b b0 10 00 e8 48 a4 fe ff 88 44 24 34
0x00007ffffb25c4fe:   0f b6 44 24 34 85 c0 0f 84 90 00 00 00 ff 15 07
0x00007ffffb25c50e:   ab 11 00 89 44 24 3c 48 8b 84 24 f0 00 00 00 48
0x00007ffffb25c51e:   83 c0 08 48 8b d0 48 8d 8c 24 90 00 00 00 e8 05
0x00007ffffb25c52e:   51 fe ff 48 89 44 24 40 48 8b 44 24 40 48 89 44
0x00007ffffb25c53e:   24 48 8b 44 24 30 83 c8 01 89 44 24 30 48 8b 4c
0x00007ffffb25c54e:   24 48 e8 d5 52 fe ff 48 89 44 24 50 48 8b 84 24
0x00007ffffb25c55e:   f0 00 00 00 48 8b 40 28 48 89 44 24 58 8b 44 24
0x00007ffffb25c56e:   3c 89 44 24 28 48 8b 44 24 50 48 89 44 24 20 4c
0x00007ffffb25c57e:   8b 4c 24 58 4c 8d 05 77 af 0d 00 ba 07 00 00 00
0x00007ffffb25c58e:   48 8b 0d 7b af 10 00 e8 f8 71 fe ff 90 8b 44 24
0x00007ffffb25c59e:   30 83 e0 01 85 c0 74 13 83 64 24 30 fe 48 8d 8c
0x00007ffffb25c5ae:   24 90 00 00 00 e8 e7 5a fe ff 90 eb 00 48 8b 84 


Stack slot to memory mapping:
stack at sp + 0 slots: 0x00019d11da80d150 is an unknown value
stack at sp + 1 slots: 0x00019d11ad97bb04 is an unknown value
stack at sp + 2 slots: 0x00019d11da80d150 is an unknown value
stack at sp + 3 slots: 0x00007ffffb277be5 native-platform-file-events.dll
stack at sp + 4 slots: 0x00000081a03fea88 is pointing into the stack for thread: 0x000001dd2b6a6800
stack at sp + 5 slots: 0x00000081a03fea08 is pointing into the stack for thread: 0x000001dd2b6a6800
stack at sp + 6 slots: 0x0000008100000000 is an unknown value
stack at sp + 7 slots: 0x00000081a03fea18 is pointing into the stack for thread: 0x000001dd2b6a6800


---------------  P R O C E S S  ---------------

Threads class SMR info:
_java_thread_list=0x000001dd2ac562c0, length=122, elements={
0x000001dd09400800, 0x000001dd26b00000, 0x000001dd26b01000, 0x000001dd27389800,
0x000001dd2738a800, 0x000001dd2738b800, 0x000001dd2738c800, 0x000001dd26b2a000,
0x000001dd273ad000, 0x000001dd274f9000, 0x000001dd29620800, 0x000001dd275f3000,
0x000001dd28027800, 0x000001dd2833e000, 0x000001dd2833d000, 0x000001dd2833e800,
0x000001dd2b6a6800, 0x000001dd2b6a7800, 0x000001dd2b6a5000, 0x000001dd2b6a8000,
0x000001dd2b6a5800, 0x000001dd2b6a9000, 0x000001dd2b6aa000, 0x000001dd2b6a4000,
0x000001dd2b6ad000, 0x000001dd2b6af800, 0x000001dd2b6ae800, 0x000001dd2b6aa800,
0x000001dd28627800, 0x000001dd2b004800, 0x000001dd28624000, 0x000001dd28622800,
0x000001dd28625000, 0x000001dd28626800, 0x000001dd28621800, 0x000001dd28629000,
0x000001dd28625800, 0x000001dd28628000, 0x000001dd28623000, 0x000001dd28629800,
0x000001dd2862b800, 0x000001dd2862a800, 0x000001dd2862e000, 0x000001dd2862c000,
0x000001dd2862f800, 0x000001dd28630800, 0x000001dd2b00d800, 0x000001dd2b00f800,
0x000001dd2b010000, 0x000001dd2b00c000, 0x000001dd2b00a800, 0x000001dd2b011000,
0x000001dd2b00b000, 0x000001dd2b00d000, 0x000001dd2b6ae000, 0x000001dd2b6ab800,
0x000001dd2b6ac000, 0x000001dd2b6b3000, 0x000001dd2833c800, 0x000001dd288bf800,
0x000001dd288be800, 0x000001dd288bb800, 0x000001dd288bc000, 0x000001dd288bd800,
0x000001dd288ba800, 0x000001dd288c2800, 0x000001dd288bd000, 0x000001dd288c3800,
0x000001dd288c5000, 0x000001dd288c0000, 0x000001dd288c4000, 0x000001dd288c6000,
0x000001dd288c6800, 0x000001dd288c1000, 0x000001dd288c7800, 0x000001dd288c2000,
0x000001dd288c8800, 0x000001dd288c9000, 0x000001dd280fe800, 0x000001dd280fd800,
0x000001dd28100000, 0x000001dd280ff000, 0x000001dd28101000, 0x000001dd280fc000,
0x000001dd28101800, 0x000001dd28102800, 0x000001dd280fd000, 0x000001dd2e0ce000,
0x000001dd2e0ca000, 0x000001dd2e0c8000, 0x000001dd2e0ca800, 0x000001dd2e0cb800,
0x000001dd2e0c9000, 0x000001dd2e0cc800, 0x000001dd2e0cd000, 0x000001dd2e0cf000,
0x000001dd2851c800, 0x000001dd2851d800, 0x000001dd2851b000, 0x000001dd2851a000,
0x000001dd2851e000, 0x000001dd28518800, 0x000001dd2851f000, 0x000001dd28519000,
0x000001dd28521800, 0x000001dd28520000, 0x000001dd28520800, 0x000001dd2851b800,
0x000001dd28525800, 0x000001dd28527000, 0x000001dd28523000, 0x000001dd28524800,
0x000001dd28526800, 0x000001dd28524000, 0x000001dd28522000, 0x000001dd33a68000,
0x000001dd33a6c000, 0x000001dd33a6d000, 0x000001dd33a68800, 0x000001dd33a6b000,
0x000001dd33a6a800, 0x000001dd33a67000
}

Java Threads: ( => current thread )
  0x000001dd09400800 JavaThread "main" [_thread_blocked, id=29964, stack(0x000000819da00000,0x000000819db00000)]
  0x000001dd26b00000 JavaThread "Reference Handler" daemon [_thread_blocked, id=29388, stack(0x000000819e100000,0x000000819e200000)]
  0x000001dd26b01000 JavaThread "Finalizer" daemon [_thread_blocked, id=15072, stack(0x000000819e200000,0x000000819e300000)]
  0x000001dd27389800 JavaThread "Signal Dispatcher" daemon [_thread_blocked, id=24940, stack(0x000000819e300000,0x000000819e400000)]
  0x000001dd2738a800 JavaThread "Attach Listener" daemon [_thread_blocked, id=21708, stack(0x000000819e400000,0x000000819e500000)]
  0x000001dd2738b800 JavaThread "Service Thread" daemon [_thread_blocked, id=25812, stack(0x000000819e500000,0x000000819e600000)]
  0x000001dd2738c800 JavaThread "C2 CompilerThread0" daemon [_thread_blocked, id=22304, stack(0x000000819e600000,0x000000819e700000)]
  0x000001dd26b2a000 JavaThread "C1 CompilerThread0" daemon [_thread_blocked, id=23332, stack(0x000000819e700000,0x000000819e800000)]
  0x000001dd273ad000 JavaThread "Sweeper thread" daemon [_thread_blocked, id=29652, stack(0x000000819e800000,0x000000819e900000)]
  0x000001dd274f9000 JavaThread "Common-Cleaner" daemon [_thread_blocked, id=19268, stack(0x000000819e900000,0x000000819ea00000)]
  0x000001dd29620800 JavaThread "Daemon health stats" [_thread_blocked, id=27424, stack(0x000000819f200000,0x000000819f300000)]
  0x000001dd275f3000 JavaThread "Incoming local TCP Connector on port 53309" [_thread_in_native, id=16328, stack(0x000000819eb00000,0x000000819ec00000)]
  0x000001dd28027800 JavaThread "Daemon periodic checks" [_thread_blocked, id=30656, stack(0x000000819f100000,0x000000819f200000)]
  0x000001dd2833e000 JavaThread "Cache worker for journal cache (C:\Users\ibelalov\.gradle\caches\journal-1)" [_thread_blocked, id=27504, stack(0x000000819fa00000,0x000000819fb00000)]
  0x000001dd2833d000 JavaThread "File lock request listener" [_thread_in_native, id=27384, stack(0x000000819fb00000,0x000000819fc00000)]
  0x000001dd2833e800 JavaThread "Cache worker for file hash cache (C:\Users\ibelalov\.gradle\caches\7.1\fileHashes)" [_thread_blocked, id=24528, stack(0x000000819fc00000,0x000000819fd00000)]
=>0x000001dd2b6a6800 JavaThread "File watcher server" daemon [_thread_in_native, id=23396, stack(0x00000081a0300000,0x00000081a0400000)]
  0x000001dd2b6a7800 JavaThread "File watcher consumer" daemon [_thread_blocked, id=30380, stack(0x00000081a0400000,0x00000081a0500000)]
  0x000001dd2b6a5000 JavaThread "jar transforms" [_thread_blocked, id=17780, stack(0x00000081a0500000,0x00000081a0600000)]
  0x000001dd2b6a8000 JavaThread "jar transforms Thread 2" [_thread_blocked, id=28820, stack(0x00000081a0600000,0x00000081a0700000)]
  0x000001dd2b6a5800 JavaThread "jar transforms Thread 3" [_thread_blocked, id=24688, stack(0x00000081a0700000,0x00000081a0800000)]
  0x000001dd2b6a9000 JavaThread "jar transforms Thread 4" [_thread_blocked, id=8656, stack(0x00000081a0800000,0x00000081a0900000)]
  0x000001dd2b6aa000 JavaThread "jar transforms Thread 5" [_thread_blocked, id=30356, stack(0x00000081a0900000,0x00000081a0a00000)]
  0x000001dd2b6a4000 JavaThread "jar transforms Thread 6" [_thread_blocked, id=22764, stack(0x00000081a0a00000,0x00000081a0b00000)]
  0x000001dd2b6ad000 JavaThread "jar transforms Thread 7" [_thread_blocked, id=26232, stack(0x00000081a0b00000,0x00000081a0c00000)]
  0x000001dd2b6af800 JavaThread "jar transforms Thread 8" [_thread_blocked, id=18100, stack(0x00000081a0c00000,0x00000081a0d00000)]
  0x000001dd2b6ae800 JavaThread "Cache worker for execution history cache (C:\Users\ibelalov\.gradle\caches\7.1\executionHistory)" [_thread_blocked, id=26216, stack(0x00000081a0f00000,0x00000081a1000000)]
  0x000001dd2b6aa800 JavaThread "Cache worker for file content cache (C:\Users\ibelalov\.gradle\caches\7.1\fileContent)" [_thread_blocked, id=16016, stack(0x00000081a1100000,0x00000081a1200000)]
  0x000001dd28627800 JavaThread "Memory manager" [_thread_blocked, id=29836, stack(0x00000081a1700000,0x00000081a1800000)]
  0x000001dd2b004800 JavaThread "Cache worker for Java compile cache (C:\Users\ibelalov\.gradle\caches\7.1\javaCompile)" [_thread_blocked, id=2208, stack(0x00000081a2200000,0x00000081a2300000)]
  0x000001dd28624000 JavaThread "Daemon Thread 4" [_thread_blocked, id=26792, stack(0x000000819d700000,0x000000819d800000)]
  0x000001dd28622800 JavaThread "Handler for socket connection from /127.0.0.1:53309 to /127.0.0.1:54532" [_thread_in_native, id=26800, stack(0x000000819d800000,0x000000819d900000)]
  0x000001dd28625000 JavaThread "Cancel handler" [_thread_blocked, id=9364, stack(0x000000819d900000,0x000000819da00000)]
  0x000001dd28626800 JavaThread "Daemon worker Thread 4" [_thread_in_native, id=29036, stack(0x000000819f300000,0x000000819f400000)]
  0x000001dd28621800 JavaThread "Asynchronous log dispatcher for DefaultDaemonConnection: socket connection from /127.0.0.1:53309 to /127.0.0.1:54532" [_thread_blocked, id=6316, stack(0x000000819f400000,0x000000819f500000)]
  0x000001dd28629000 JavaThread "Stdin handler" [_thread_blocked, id=30552, stack(0x000000819f500000,0x000000819f600000)]
  0x000001dd28625800 JavaThread "Daemon client event forwarder" [_thread_blocked, id=11524, stack(0x000000819f600000,0x000000819f700000)]
  0x000001dd28628000 JavaThread "Cache worker for file hash cache (U:\IT\Тестирование\Автотесты на Java\my.hermesrussia.ru\.gradle\7.1\fileHashes)" [_thread_blocked, id=27548, stack(0x000000819f700000,0x000000819f800000)]
  0x000001dd28623000 JavaThread "Cache worker for checksums cache (U:\IT\Тестирование\Автотесты на Java\my.hermesrussia.ru\.gradle\checksums)" [_thread_blocked, id=28076, stack(0x000000819f800000,0x000000819f900000)]
  0x000001dd28629800 JavaThread "Cache worker for cache directory md-rule (C:\Users\ibelalov\.gradle\caches\7.1\md-rule)" [_thread_blocked, id=24404, stack(0x00000081a0000000,0x00000081a0100000)]
  0x000001dd2862b800 JavaThread "Cache worker for dependencies-accessors (U:\IT\Тестирование\Автотесты на Java\my.hermesrussia.ru\.gradle\7.1\dependencies-accessors)" [_thread_blocked, id=27540, stack(0x00000081a0200000,0x00000081a0300000)]
  0x000001dd2862a800 JavaThread "Unconstrained build operations" [_thread_blocked, id=16616, stack(0x00000081a0e00000,0x00000081a0f00000)]
  0x000001dd2862e000 JavaThread "Unconstrained build operations Thread 2" [_thread_blocked, id=26928, stack(0x00000081a1000000,0x00000081a1100000)]
  0x000001dd2862c000 JavaThread "Unconstrained build operations Thread 3" [_thread_blocked, id=27860, stack(0x00000081a1200000,0x00000081a1300000)]
  0x000001dd2862f800 JavaThread "Unconstrained build operations Thread 4" [_thread_blocked, id=29264, stack(0x00000081a1300000,0x00000081a1400000)]
  0x000001dd28630800 JavaThread "Unconstrained build operations Thread 5" [_thread_blocked, id=26868, stack(0x00000081a1400000,0x00000081a1500000)]
  0x000001dd2b00d800 JavaThread "Unconstrained build operations Thread 6" [_thread_blocked, id=25792, stack(0x00000081a1f00000,0x00000081a2000000)]
  0x000001dd2b00f800 JavaThread "Unconstrained build operations Thread 7" [_thread_blocked, id=30548, stack(0x00000081a2000000,0x00000081a2100000)]
  0x000001dd2b010000 JavaThread "Unconstrained build operations Thread 8" [_thread_blocked, id=28496, stack(0x00000081a2100000,0x00000081a2200000)]
  0x000001dd2b00c000 JavaThread "Unconstrained build operations Thread 9" [_thread_blocked, id=13352, stack(0x00000081a2300000,0x00000081a2400000)]
  0x000001dd2b00a800 JavaThread "Unconstrained build operations Thread 10" [_thread_blocked, id=28688, stack(0x00000081a2400000,0x00000081a2500000)]
  0x000001dd2b011000 JavaThread "Unconstrained build operations Thread 11" [_thread_blocked, id=26888, stack(0x00000081a2500000,0x00000081a2600000)]
  0x000001dd2b00b000 JavaThread "Unconstrained build operations Thread 12" [_thread_blocked, id=24520, stack(0x00000081a2600000,0x00000081a2700000)]
  0x000001dd2b00d000 JavaThread "Unconstrained build operations Thread 13" [_thread_blocked, id=24604, stack(0x00000081a2700000,0x00000081a2800000)]
  0x000001dd2b6ae000 JavaThread "Unconstrained build operations Thread 14" [_thread_blocked, id=29144, stack(0x00000081a2800000,0x00000081a2900000)]
  0x000001dd2b6ab800 JavaThread "Unconstrained build operations Thread 15" [_thread_blocked, id=29620, stack(0x00000081a2900000,0x00000081a2a00000)]
  0x000001dd2b6ac000 JavaThread "Unconstrained build operations Thread 16" [_thread_blocked, id=21788, stack(0x00000081a2a00000,0x00000081a2b00000)]
  0x000001dd2b6b3000 JavaThread "Unconstrained build operations Thread 17" [_thread_blocked, id=26964, stack(0x00000081a2b00000,0x00000081a2c00000)]
  0x000001dd2833c800 JavaThread "Unconstrained build operations Thread 18" [_thread_blocked, id=30268, stack(0x00000081a2c00000,0x00000081a2d00000)]
  0x000001dd288bf800 JavaThread "Unconstrained build operations Thread 19" [_thread_blocked, id=23724, stack(0x00000081a2d00000,0x00000081a2e00000)]
  0x000001dd288be800 JavaThread "Unconstrained build operations Thread 20" [_thread_blocked, id=25352, stack(0x00000081a2e00000,0x00000081a2f00000)]
  0x000001dd288bb800 JavaThread "Unconstrained build operations Thread 21" [_thread_blocked, id=27244, stack(0x00000081a2f00000,0x00000081a3000000)]
  0x000001dd288bc000 JavaThread "Unconstrained build operations Thread 22" [_thread_blocked, id=1956, stack(0x00000081a3000000,0x00000081a3100000)]
  0x000001dd288bd800 JavaThread "Unconstrained build operations Thread 23" [_thread_blocked, id=14212, stack(0x00000081a3100000,0x00000081a3200000)]
  0x000001dd288ba800 JavaThread "Unconstrained build operations Thread 24" [_thread_blocked, id=23428, stack(0x00000081a3200000,0x00000081a3300000)]
  0x000001dd288c2800 JavaThread "Unconstrained build operations Thread 25" [_thread_blocked, id=19228, stack(0x00000081a3300000,0x00000081a3400000)]
  0x000001dd288bd000 JavaThread "Unconstrained build operations Thread 26" [_thread_blocked, id=30124, stack(0x00000081a3400000,0x00000081a3500000)]
  0x000001dd288c3800 JavaThread "Unconstrained build operations Thread 27" [_thread_blocked, id=19328, stack(0x00000081a3500000,0x00000081a3600000)]
  0x000001dd288c5000 JavaThread "Unconstrained build operations Thread 28" [_thread_blocked, id=29132, stack(0x00000081a3600000,0x00000081a3700000)]
  0x000001dd288c0000 JavaThread "Unconstrained build operations Thread 29" [_thread_blocked, id=20688, stack(0x00000081a3700000,0x00000081a3800000)]
  0x000001dd288c4000 JavaThread "Unconstrained build operations Thread 30" [_thread_blocked, id=26296, stack(0x00000081a3800000,0x00000081a3900000)]
  0x000001dd288c6000 JavaThread "Unconstrained build operations Thread 31" [_thread_blocked, id=15480, stack(0x00000081a3900000,0x00000081a3a00000)]
  0x000001dd288c6800 JavaThread "Unconstrained build operations Thread 32" [_thread_blocked, id=29720, stack(0x00000081a3a00000,0x00000081a3b00000)]
  0x000001dd288c1000 JavaThread "Unconstrained build operations Thread 33" [_thread_blocked, id=22300, stack(0x00000081a3b00000,0x00000081a3c00000)]
  0x000001dd288c7800 JavaThread "Unconstrained build operations Thread 34" [_thread_blocked, id=26172, stack(0x00000081a3c00000,0x00000081a3d00000)]
  0x000001dd288c2000 JavaThread "Unconstrained build operations Thread 35" [_thread_blocked, id=28636, stack(0x00000081a3d00000,0x00000081a3e00000)]
  0x000001dd288c8800 JavaThread "Unconstrained build operations Thread 36" [_thread_blocked, id=26720, stack(0x00000081a3e00000,0x00000081a3f00000)]
  0x000001dd288c9000 JavaThread "Unconstrained build operations Thread 37" [_thread_blocked, id=1272, stack(0x00000081a3f00000,0x00000081a4000000)]
  0x000001dd280fe800 JavaThread "Unconstrained build operations Thread 38" [_thread_blocked, id=22080, stack(0x00000081a4000000,0x00000081a4100000)]
  0x000001dd280fd800 JavaThread "Unconstrained build operations Thread 39" [_thread_blocked, id=27952, stack(0x00000081a4100000,0x00000081a4200000)]
  0x000001dd28100000 JavaThread "Unconstrained build operations Thread 40" [_thread_blocked, id=27600, stack(0x00000081a4200000,0x00000081a4300000)]
  0x000001dd280ff000 JavaThread "Unconstrained build operations Thread 41" [_thread_blocked, id=25788, stack(0x00000081a4300000,0x00000081a4400000)]
  0x000001dd28101000 JavaThread "Unconstrained build operations Thread 42" [_thread_blocked, id=21228, stack(0x00000081a4400000,0x00000081a4500000)]
  0x000001dd280fc000 JavaThread "Unconstrained build operations Thread 43" [_thread_blocked, id=19256, stack(0x00000081a4500000,0x00000081a4600000)]
  0x000001dd28101800 JavaThread "Unconstrained build operations Thread 44" [_thread_blocked, id=28960, stack(0x00000081a4600000,0x00000081a4700000)]
  0x000001dd28102800 JavaThread "Unconstrained build operations Thread 45" [_thread_blocked, id=20828, stack(0x00000081a4700000,0x00000081a4800000)]
  0x000001dd280fd000 JavaThread "Unconstrained build operations Thread 46" [_thread_blocked, id=11952, stack(0x00000081a4800000,0x00000081a4900000)]
  0x000001dd2e0ce000 JavaThread "Unconstrained build operations Thread 47" [_thread_blocked, id=25280, stack(0x00000081a4900000,0x00000081a4a00000)]
  0x000001dd2e0ca000 JavaThread "Unconstrained build operations Thread 48" [_thread_blocked, id=27108, stack(0x00000081a4a00000,0x00000081a4b00000)]
  0x000001dd2e0c8000 JavaThread "Unconstrained build operations Thread 49" [_thread_blocked, id=21088, stack(0x00000081a4b00000,0x00000081a4c00000)]
  0x000001dd2e0ca800 JavaThread "Unconstrained build operations Thread 50" [_thread_blocked, id=25188, stack(0x00000081a4c00000,0x00000081a4d00000)]
  0x000001dd2e0cb800 JavaThread "Unconstrained build operations Thread 51" [_thread_blocked, id=23864, stack(0x00000081a4d00000,0x00000081a4e00000)]
  0x000001dd2e0c9000 JavaThread "Unconstrained build operations Thread 52" [_thread_blocked, id=27712, stack(0x00000081a4e00000,0x00000081a4f00000)]
  0x000001dd2e0cc800 JavaThread "Unconstrained build operations Thread 53" [_thread_blocked, id=19652, stack(0x00000081a4f00000,0x00000081a5000000)]
  0x000001dd2e0cd000 JavaThread "Unconstrained build operations Thread 54" [_thread_blocked, id=27264, stack(0x00000081a5000000,0x00000081a5100000)]
  0x000001dd2e0cf000 JavaThread "Unconstrained build operations Thread 55" [_thread_blocked, id=4656, stack(0x00000081a5100000,0x00000081a5200000)]
  0x000001dd2851c800 JavaThread "Unconstrained build operations Thread 56" [_thread_blocked, id=27964, stack(0x00000081a5200000,0x00000081a5300000)]
  0x000001dd2851d800 JavaThread "Unconstrained build operations Thread 57" [_thread_blocked, id=26292, stack(0x00000081a5300000,0x00000081a5400000)]
  0x000001dd2851b000 JavaThread "Unconstrained build operations Thread 58" [_thread_blocked, id=7180, stack(0x00000081a5400000,0x00000081a5500000)]
  0x000001dd2851a000 JavaThread "Unconstrained build operations Thread 59" [_thread_blocked, id=27020, stack(0x00000081a5500000,0x00000081a5600000)]
  0x000001dd2851e000 JavaThread "Unconstrained build operations Thread 60" [_thread_blocked, id=29272, stack(0x00000081a5600000,0x00000081a5700000)]
  0x000001dd28518800 JavaThread "Unconstrained build operations Thread 61" [_thread_blocked, id=26012, stack(0x00000081a5700000,0x00000081a5800000)]
  0x000001dd2851f000 JavaThread "Unconstrained build operations Thread 62" [_thread_blocked, id=29772, stack(0x00000081a5800000,0x00000081a5900000)]
  0x000001dd28519000 JavaThread "Unconstrained build operations Thread 63" [_thread_blocked, id=19040, stack(0x00000081a5900000,0x00000081a5a00000)]
  0x000001dd28521800 JavaThread "Unconstrained build operations Thread 64" [_thread_blocked, id=19744, stack(0x00000081a5a00000,0x00000081a5b00000)]
  0x000001dd28520000 JavaThread "Unconstrained build operations Thread 65" [_thread_blocked, id=4072, stack(0x00000081a5b00000,0x00000081a5c00000)]
  0x000001dd28520800 JavaThread "Unconstrained build operations Thread 66" [_thread_blocked, id=25728, stack(0x00000081a5c00000,0x00000081a5d00000)]
  0x000001dd2851b800 JavaThread "Unconstrained build operations Thread 67" [_thread_blocked, id=11280, stack(0x00000081a5d00000,0x00000081a5e00000)]
  0x000001dd28525800 JavaThread "Unconstrained build operations Thread 68" [_thread_blocked, id=26588, stack(0x00000081a5e00000,0x00000081a5f00000)]
  0x000001dd28527000 JavaThread "Unconstrained build operations Thread 69" [_thread_blocked, id=27016, stack(0x00000081a5f00000,0x00000081a6000000)]
  0x000001dd28523000 JavaThread "Unconstrained build operations Thread 70" [_thread_blocked, id=21824, stack(0x00000081a6000000,0x00000081a6100000)]
  0x000001dd28524800 JavaThread "Unconstrained build operations Thread 71" [_thread_blocked, id=26152, stack(0x00000081a6100000,0x00000081a6200000)]
  0x000001dd28526800 JavaThread "Unconstrained build operations Thread 72" [_thread_blocked, id=20232, stack(0x00000081a6200000,0x00000081a6300000)]
  0x000001dd28524000 JavaThread "Unconstrained build operations Thread 73" [_thread_blocked, id=24204, stack(0x00000081a6300000,0x00000081a6400000)]
  0x000001dd28522000 JavaThread "Unconstrained build operations Thread 74" [_thread_blocked, id=26768, stack(0x00000081a6400000,0x00000081a6500000)]
  0x000001dd33a68000 JavaThread "Unconstrained build operations Thread 75" [_thread_blocked, id=29868, stack(0x00000081a6500000,0x00000081a6600000)]
  0x000001dd33a6c000 JavaThread "Unconstrained build operations Thread 76" [_thread_blocked, id=17612, stack(0x00000081a6600000,0x00000081a6700000)]
  0x000001dd33a6d000 JavaThread "Unconstrained build operations Thread 77" [_thread_blocked, id=24516, stack(0x00000081a6700000,0x00000081a6800000)]
  0x000001dd33a68800 JavaThread "Unconstrained build operations Thread 78" [_thread_blocked, id=21820, stack(0x00000081a6800000,0x00000081a6900000)]
  0x000001dd33a6b000 JavaThread "Unconstrained build operations Thread 79" [_thread_blocked, id=23932, stack(0x00000081a6900000,0x00000081a6a00000)]
  0x000001dd33a6a800 JavaThread "Unconstrained build operations Thread 80" [_thread_blocked, id=18220, stack(0x00000081a6a00000,0x00000081a6b00000)]
  0x000001dd33a67000 JavaThread "Build operations" [_thread_blocked, id=29764, stack(0x00000081a6b00000,0x00000081a6c00000)]

Other Threads:
  0x000001dd26afb800 VMThread "VM Thread" [stack: 0x000000819e000000,0x000000819e100000] [id=29300]
  0x000001dd2751b800 WatcherThread [stack: 0x000000819ea00000,0x000000819eb00000] [id=28952]
  0x000001dd09418800 GCTaskThread "GC Thread#0" [stack: 0x000000819db00000,0x000000819dc00000] [id=19992]
  0x000001dd28771800 GCTaskThread "GC Thread#1" [stack: 0x000000819ec00000,0x000000819ed00000] [id=16884]
  0x000001dd2812c800 GCTaskThread "GC Thread#2" [stack: 0x000000819ed00000,0x000000819ee00000] [id=26412]
  0x000001dd27c3a800 GCTaskThread "GC Thread#3" [stack: 0x000000819ee00000,0x000000819ef00000] [id=27028]
  0x000001dd27af8000 GCTaskThread "GC Thread#4" [stack: 0x000000819ef00000,0x000000819f000000] [id=22388]
  0x000001dd27b0d000 GCTaskThread "GC Thread#5" [stack: 0x000000819f000000,0x000000819f100000] [id=23016]
  0x000001dd2822f800 GCTaskThread "GC Thread#6" [stack: 0x000000819fd00000,0x000000819fe00000] [id=25880]
  0x000001dd2a1c6800 GCTaskThread "GC Thread#7" [stack: 0x000000819fe00000,0x000000819ff00000] [id=24764]
  0x000001dd0942e800 ConcurrentGCThread "G1 Main Marker" [stack: 0x000000819dc00000,0x000000819dd00000] [id=8928]
  0x000001dd0942f800 ConcurrentGCThread "G1 Conc#0" [stack: 0x000000819dd00000,0x000000819de00000] [id=25560]
  0x000001dd29813000 ConcurrentGCThread "G1 Conc#1" [stack: 0x000000819ff00000,0x00000081a0000000] [id=24524]
  0x000001dd094cd800 ConcurrentGCThread "G1 Refine#0" [stack: 0x000000819de00000,0x000000819df00000] [id=11120]
  0x000001dd26994800 ConcurrentGCThread "G1 Young RemSet Sampling" [stack: 0x000000819df00000,0x000000819e000000] [id=27992]

Threads with active compile tasks:

VM state:not at safepoint (normal execution)

VM Mutex/Monitor currently owned by a thread: None

Heap address: 0x00000000e0000000, size: 512 MB, Compressed Oops mode: 32-bit
Narrow klass base: 0x0000000000000000, Narrow klass shift: 3
Compressed class space size: 260046848 Address: 0x0000000100000000

Heap:
 garbage-first heap   total 267264K, used 157338K [0x00000000e0000000, 0x0000000100000000)
  region size 1024K, 17 young (17408K), 5 survivors (5120K)
 Metaspace       used 88177K, capacity 91405K, committed 91548K, reserved 333824K
  class space    used 10912K, capacity 12026K, committed 12108K, reserved 253952K
Heap Regions: E=young(eden), S=young(survivor), O=old, HS=humongous(starts), HC=humongous(continues), CS=collection set, F=free, A=archive, TAMS=top-at-mark-start (previous, next)
|   0|0x00000000e0000000, 0x00000000e0100000, 0x00000000e0100000|100%|HS|  |TAMS 0x00000000e0100000, 0x00000000e0000000| Complete 
|   1|0x00000000e0100000, 0x00000000e0200000, 0x00000000e0200000|100%|HC|  |TAMS 0x00000000e0200000, 0x00000000e0100000| Complete 
|   2|0x00000000e0200000, 0x00000000e0300000, 0x00000000e0300000|100%| O|  |TAMS 0x00000000e0300000, 0x00000000e0200000| Untracked 
|   3|0x00000000e0300000, 0x00000000e0400000, 0x00000000e0400000|100%|HS|  |TAMS 0x00000000e0400000, 0x00000000e0300000| Complete 
|   4|0x00000000e0400000, 0x00000000e0500000, 0x00000000e0500000|100%|HC|  |TAMS 0x00000000e0500000, 0x00000000e0400000| Complete 
|   5|0x00000000e0500000, 0x00000000e0600000, 0x00000000e0600000|100%|HC|  |TAMS 0x00000000e0600000, 0x00000000e0500000| Complete 
|   6|0x00000000e0600000, 0x00000000e0700000, 0x00000000e0700000|100%| O|  |TAMS 0x00000000e0700000, 0x00000000e0600000| Untracked 
|   7|0x00000000e0700000, 0x00000000e0800000, 0x00000000e0800000|100%| O|  |TAMS 0x00000000e0800000, 0x00000000e0700000| Untracked 
|   8|0x00000000e0800000, 0x00000000e0900000, 0x00000000e0900000|100%| O|  |TAMS 0x00000000e0900000, 0x00000000e0800000| Untracked 
|   9|0x00000000e0900000, 0x00000000e0a00000, 0x00000000e0a00000|100%| O|  |TAMS 0x00000000e0a00000, 0x00000000e0900000| Untracked 
|  10|0x00000000e0a00000, 0x00000000e0b00000, 0x00000000e0b00000|100%|HS|  |TAMS 0x00000000e0b00000, 0x00000000e0a00000| Complete 
|  11|0x00000000e0b00000, 0x00000000e0c00000, 0x00000000e0c00000|100%|HC|  |TAMS 0x00000000e0c00000, 0x00000000e0b00000| Complete 
|  12|0x00000000e0c00000, 0x00000000e0d00000, 0x00000000e0d00000|100%|HC|  |TAMS 0x00000000e0d00000, 0x00000000e0c00000| Complete 
|  13|0x00000000e0d00000, 0x00000000e0e00000, 0x00000000e0e00000|100%|HS|  |TAMS 0x00000000e0e00000, 0x00000000e0d00000| Complete 
|  14|0x00000000e0e00000, 0x00000000e0f00000, 0x00000000e0f00000|100%|HC|  |TAMS 0x00000000e0f00000, 0x00000000e0e00000| Complete 
|  15|0x00000000e0f00000, 0x00000000e1000000, 0x00000000e1000000|100%|HC|  |TAMS 0x00000000e1000000, 0x00000000e0f00000| Complete 
|  16|0x00000000e1000000, 0x00000000e1100000, 0x00000000e1100000|100%|HS|  |TAMS 0x00000000e1100000, 0x00000000e1000000| Complete 
|  17|0x00000000e1100000, 0x00000000e1200000, 0x00000000e1200000|100%|HC|  |TAMS 0x00000000e1200000, 0x00000000e1100000| Complete 
|  18|0x00000000e1200000, 0x00000000e1300000, 0x00000000e1300000|100%|HC|  |TAMS 0x00000000e1300000, 0x00000000e1200000| Complete 
|  19|0x00000000e1300000, 0x00000000e1400000, 0x00000000e1400000|100%|HC|  |TAMS 0x00000000e1400000, 0x00000000e1300000| Complete 
|  20|0x00000000e1400000, 0x00000000e1500000, 0x00000000e1500000|100%|HS|  |TAMS 0x00000000e1500000, 0x00000000e1400000| Complete 
|  21|0x00000000e1500000, 0x00000000e1600000, 0x00000000e1600000|100%|HC|  |TAMS 0x00000000e1600000, 0x00000000e1500000| Complete 
|  22|0x00000000e1600000, 0x00000000e1700000, 0x00000000e1700000|100%|HC|  |TAMS 0x00000000e1700000, 0x00000000e1600000| Complete 
|  23|0x00000000e1700000, 0x00000000e1800000, 0x00000000e1800000|100%|HC|  |TAMS 0x00000000e1800000, 0x00000000e1700000| Complete 
|  24|0x00000000e1800000, 0x00000000e1900000, 0x00000000e1900000|100%|HC|  |TAMS 0x00000000e1900000, 0x00000000e1800000| Complete 
|  25|0x00000000e1900000, 0x00000000e1a00000, 0x00000000e1a00000|100%| O|  |TAMS 0x00000000e1a00000, 0x00000000e1900000| Untracked 
|  26|0x00000000e1a00000, 0x00000000e1b00000, 0x00000000e1b00000|100%| O|  |TAMS 0x00000000e1b00000, 0x00000000e1a00000| Untracked 
|  27|0x00000000e1b00000, 0x00000000e1c00000, 0x00000000e1c00000|100%| O|  |TAMS 0x00000000e1c00000, 0x00000000e1b00000| Untracked 
|  28|0x00000000e1c00000, 0x00000000e1d00000, 0x00000000e1d00000|100%| O|  |TAMS 0x00000000e1d00000, 0x00000000e1c00000| Untracked 
|  29|0x00000000e1d00000, 0x00000000e1e00000, 0x00000000e1e00000|100%| O|  |TAMS 0x00000000e1e00000, 0x00000000e1d00000| Untracked 
|  30|0x00000000e1e00000, 0x00000000e1f00000, 0x00000000e1f00000|100%| O|  |TAMS 0x00000000e1f00000, 0x00000000e1e00000| Untracked 
|  31|0x00000000e1f00000, 0x00000000e2000000, 0x00000000e2000000|100%| O|  |TAMS 0x00000000e2000000, 0x00000000e1f00000| Untracked 
|  32|0x00000000e2000000, 0x00000000e2100000, 0x00000000e2100000|100%| O|  |TAMS 0x00000000e2100000, 0x00000000e2000000| Untracked 
|  33|0x00000000e2100000, 0x00000000e2200000, 0x00000000e2200000|100%| O|  |TAMS 0x00000000e2200000, 0x00000000e2100000| Untracked 
|  34|0x00000000e2200000, 0x00000000e2300000, 0x00000000e2300000|100%| O|  |TAMS 0x00000000e2300000, 0x00000000e2200000| Untracked 
|  35|0x00000000e2300000, 0x00000000e2400000, 0x00000000e2400000|100%| O|  |TAMS 0x00000000e2400000, 0x00000000e2300000| Untracked 
|  36|0x00000000e2400000, 0x00000000e2500000, 0x00000000e2500000|100%| O|  |TAMS 0x00000000e2500000, 0x00000000e2400000| Untracked 
|  37|0x00000000e2500000, 0x00000000e2600000, 0x00000000e2600000|100%| O|  |TAMS 0x00000000e2600000, 0x00000000e2500000| Untracked 
|  38|0x00000000e2600000, 0x00000000e2700000, 0x00000000e2700000|100%| O|  |TAMS 0x00000000e2700000, 0x00000000e2600000| Untracked 
|  39|0x00000000e2700000, 0x00000000e2800000, 0x00000000e2800000|100%| O|  |TAMS 0x00000000e2800000, 0x00000000e2700000| Untracked 
|  40|0x00000000e2800000, 0x00000000e2900000, 0x00000000e2900000|100%| O|  |TAMS 0x00000000e2900000, 0x00000000e2800000| Untracked 
|  41|0x00000000e2900000, 0x00000000e2a00000, 0x00000000e2a00000|100%| O|  |TAMS 0x00000000e2900000, 0x00000000e2900000| Untracked 
|  42|0x00000000e2a00000, 0x00000000e2b00000, 0x00000000e2b00000|100%| O|  |TAMS 0x00000000e2b00000, 0x00000000e2a00000| Untracked 
|  43|0x00000000e2b00000, 0x00000000e2c00000, 0x00000000e2c00000|100%|HS|  |TAMS 0x00000000e2c00000, 0x00000000e2b00000| Complete 
|  44|0x00000000e2c00000, 0x00000000e2d00000, 0x00000000e2d00000|100%|HS|  |TAMS 0x00000000e2d00000, 0x00000000e2c00000| Complete 
|  45|0x00000000e2d00000, 0x00000000e2e00000, 0x00000000e2e00000|100%|HS|  |TAMS 0x00000000e2e00000, 0x00000000e2d00000| Complete 
|  46|0x00000000e2e00000, 0x00000000e2f00000, 0x00000000e2f00000|100%|HC|  |TAMS 0x00000000e2f00000, 0x00000000e2e00000| Complete 
|  47|0x00000000e2f00000, 0x00000000e3000000, 0x00000000e3000000|100%| O|  |TAMS 0x00000000e2f00000, 0x00000000e2f00000| Untracked 
|  48|0x00000000e3000000, 0x00000000e3100000, 0x00000000e3100000|100%| O|  |TAMS 0x00000000e3100000, 0x00000000e3000000| Untracked 
|  49|0x00000000e3100000, 0x00000000e3200000, 0x00000000e3200000|100%| O|  |TAMS 0x00000000e3200000, 0x00000000e3100000| Untracked 
|  50|0x00000000e3200000, 0x00000000e3300000, 0x00000000e3300000|100%| O|  |TAMS 0x00000000e3300000, 0x00000000e3200000| Untracked 
|  51|0x00000000e3300000, 0x00000000e3400000, 0x00000000e3400000|100%| O|  |TAMS 0x00000000e3400000, 0x00000000e3300000| Untracked 
|  52|0x00000000e3400000, 0x00000000e3500000, 0x00000000e3500000|100%| O|  |TAMS 0x00000000e3500000, 0x00000000e3400000| Untracked 
|  53|0x00000000e3500000, 0x00000000e3600000, 0x00000000e3600000|100%| O|  |TAMS 0x00000000e3600000, 0x00000000e3500000| Untracked 
|  54|0x00000000e3600000, 0x00000000e3700000, 0x00000000e3700000|100%| O|  |TAMS 0x00000000e3600000, 0x00000000e3600000| Untracked 
|  55|0x00000000e3700000, 0x00000000e3800000, 0x00000000e3800000|100%| O|  |TAMS 0x00000000e3700000, 0x00000000e3700000| Untracked 
|  56|0x00000000e3800000, 0x00000000e3900000, 0x00000000e3900000|100%| O|  |TAMS 0x00000000e3800000, 0x00000000e3800000| Untracked 
|  57|0x00000000e3900000, 0x00000000e3a00000, 0x00000000e3a00000|100%| O|  |TAMS 0x00000000e3900000, 0x00000000e3900000| Untracked 
|  58|0x00000000e3a00000, 0x00000000e3b00000, 0x00000000e3b00000|100%|HS|  |TAMS 0x00000000e3b00000, 0x00000000e3a00000| Complete 
|  59|0x00000000e3b00000, 0x00000000e3c00000, 0x00000000e3c00000|100%|HC|  |TAMS 0x00000000e3c00000, 0x00000000e3b00000| Complete 
|  60|0x00000000e3c00000, 0x00000000e3d00000, 0x00000000e3d00000|100%| O|  |TAMS 0x00000000e3c00000, 0x00000000e3c00000| Untracked 
|  61|0x00000000e3d00000, 0x00000000e3e00000, 0x00000000e3e00000|100%| O|  |TAMS 0x00000000e3e00000, 0x00000000e3d00000| Untracked 
|  62|0x00000000e3e00000, 0x00000000e3f00000, 0x00000000e3f00000|100%| O|  |TAMS 0x00000000e3e00000, 0x00000000e3e00000| Untracked 
|  63|0x00000000e3f00000, 0x00000000e4000000, 0x00000000e4000000|100%| O|  |TAMS 0x00000000e3f00000, 0x00000000e3f00000| Untracked 
|  64|0x00000000e4000000, 0x00000000e4100000, 0x00000000e4100000|100%| O|  |TAMS 0x00000000e4000000, 0x00000000e4000000| Untracked 
|  65|0x00000000e4100000, 0x00000000e4131800, 0x00000000e4200000| 19%| O|  |TAMS 0x00000000e4100000, 0x00000000e4100000| Untracked 
|  66|0x00000000e4200000, 0x00000000e4200000, 0x00000000e4300000|  0%| F|  |TAMS 0x00000000e4200000, 0x00000000e4200000| Untracked 
|  67|0x00000000e4300000, 0x00000000e4400000, 0x00000000e4400000|100%|HS|  |TAMS 0x00000000e4400000, 0x00000000e4300000| Complete 
|  68|0x00000000e4400000, 0x00000000e4500000, 0x00000000e4500000|100%|HC|  |TAMS 0x00000000e4500000, 0x00000000e4400000| Complete 
|  69|0x00000000e4500000, 0x00000000e4600000, 0x00000000e4600000|100%|HC|  |TAMS 0x00000000e4600000, 0x00000000e4500000| Complete 
|  70|0x00000000e4600000, 0x00000000e4700000, 0x00000000e4700000|100%|HS|  |TAMS 0x00000000e4700000, 0x00000000e4600000| Complete 
|  71|0x00000000e4700000, 0x00000000e4800000, 0x00000000e4800000|100%|HC|  |TAMS 0x00000000e4800000, 0x00000000e4700000| Complete 
|  72|0x00000000e4800000, 0x00000000e4900000, 0x00000000e4900000|100%|HC|  |TAMS 0x00000000e4900000, 0x00000000e4800000| Complete 
|  73|0x00000000e4900000, 0x00000000e4a00000, 0x00000000e4a00000|100%|HC|  |TAMS 0x00000000e4a00000, 0x00000000e4900000| Complete 
|  74|0x00000000e4a00000, 0x00000000e4b00000, 0x00000000e4b00000|100%|HC|  |TAMS 0x00000000e4b00000, 0x00000000e4a00000| Complete 
|  75|0x00000000e4b00000, 0x00000000e4c00000, 0x00000000e4c00000|100%| O|  |TAMS 0x00000000e4c00000, 0x00000000e4b00000| Untracked 
|  76|0x00000000e4c00000, 0x00000000e4d00000, 0x00000000e4d00000|100%| O|  |TAMS 0x00000000e4d00000, 0x00000000e4c00000| Untracked 
|  77|0x00000000e4d00000, 0x00000000e4e00000, 0x00000000e4e00000|100%|HS|  |TAMS 0x00000000e4e00000, 0x00000000e4d00000| Complete 
|  78|0x00000000e4e00000, 0x00000000e4f00000, 0x00000000e4f00000|100%|HC|  |TAMS 0x00000000e4f00000, 0x00000000e4e00000| Complete 
|  79|0x00000000e4f00000, 0x00000000e5000000, 0x00000000e5000000|100%|HC|  |TAMS 0x00000000e5000000, 0x00000000e4f00000| Complete 
|  80|0x00000000e5000000, 0x00000000e5100000, 0x00000000e5100000|100%|HS|  |TAMS 0x00000000e5100000, 0x00000000e5000000| Complete 
|  81|0x00000000e5100000, 0x00000000e5200000, 0x00000000e5200000|100%|HS|  |TAMS 0x00000000e5200000, 0x00000000e5100000| Complete 
|  82|0x00000000e5200000, 0x00000000e5300000, 0x00000000e5300000|100%|HC|  |TAMS 0x00000000e5300000, 0x00000000e5200000| Complete 
|  83|0x00000000e5300000, 0x00000000e5400000, 0x00000000e5400000|100%|HC|  |TAMS 0x00000000e5400000, 0x00000000e5300000| Complete 
|  84|0x00000000e5400000, 0x00000000e5500000, 0x00000000e5500000|100%|HC|  |TAMS 0x00000000e5500000, 0x00000000e5400000| Complete 
|  85|0x00000000e5500000, 0x00000000e5600000, 0x00000000e5600000|100%|HC|  |TAMS 0x00000000e5600000, 0x00000000e5500000| Complete 
|  86|0x00000000e5600000, 0x00000000e5700000, 0x00000000e5700000|100%| O|  |TAMS 0x00000000e5600000, 0x00000000e5600000| Untracked 
|  87|0x00000000e5700000, 0x00000000e5800000, 0x00000000e5800000|100%|HS|  |TAMS 0x00000000e5800000, 0x00000000e5700000| Complete 
|  88|0x00000000e5800000, 0x00000000e5900000, 0x00000000e5900000|100%|HC|  |TAMS 0x00000000e5900000, 0x00000000e5800000| Complete 
|  89|0x00000000e5900000, 0x00000000e5a00000, 0x00000000e5a00000|100%|HC|  |TAMS 0x00000000e5a00000, 0x00000000e5900000| Complete 
|  90|0x00000000e5a00000, 0x00000000e5b00000, 0x00000000e5b00000|100%|HS|  |TAMS 0x00000000e5b00000, 0x00000000e5a00000| Complete 
|  91|0x00000000e5b00000, 0x00000000e5c00000, 0x00000000e5c00000|100%|HC|  |TAMS 0x00000000e5c00000, 0x00000000e5b00000| Complete 
|  92|0x00000000e5c00000, 0x00000000e5d00000, 0x00000000e5d00000|100%|HC|  |TAMS 0x00000000e5d00000, 0x00000000e5c00000| Complete 
|  93|0x00000000e5d00000, 0x00000000e5e00000, 0x00000000e5e00000|100%|HS|  |TAMS 0x00000000e5e00000, 0x00000000e5d00000| Complete 
|  94|0x00000000e5e00000, 0x00000000e5e00000, 0x00000000e5f00000|  0%| F|  |TAMS 0x00000000e5e00000, 0x00000000e5e00000| Untracked 
|  95|0x00000000e5f00000, 0x00000000e5f00000, 0x00000000e6000000|  0%| F|  |TAMS 0x00000000e5f00000, 0x00000000e5f00000| Untracked 
|  96|0x00000000e6000000, 0x00000000e6100000, 0x00000000e6100000|100%| O|  |TAMS 0x00000000e6100000, 0x00000000e6000000| Untracked 
|  97|0x00000000e6100000, 0x00000000e6200000, 0x00000000e6200000|100%| O|  |TAMS 0x00000000e6200000, 0x00000000e6100000| Untracked 
|  98|0x00000000e6200000, 0x00000000e6300000, 0x00000000e6300000|100%| O|  |TAMS 0x00000000e6300000, 0x00000000e6200000| Untracked 
|  99|0x00000000e6300000, 0x00000000e6400000, 0x00000000e6400000|100%| O|  |TAMS 0x00000000e6400000, 0x00000000e6300000| Untracked 
| 100|0x00000000e6400000, 0x00000000e6500000, 0x00000000e6500000|100%| O|  |TAMS 0x00000000e6500000, 0x00000000e6400000| Untracked 
| 101|0x00000000e6500000, 0x00000000e6600000, 0x00000000e6600000|100%| O|  |TAMS 0x00000000e6600000, 0x00000000e6500000| Untracked 
| 102|0x00000000e6600000, 0x00000000e6700000, 0x00000000e6700000|100%| O|  |TAMS 0x00000000e6700000, 0x00000000e6600000| Untracked 
| 103|0x00000000e6700000, 0x00000000e6800000, 0x00000000e6800000|100%|HS|  |TAMS 0x00000000e6800000, 0x00000000e6700000| Complete 
| 104|0x00000000e6800000, 0x00000000e6900000, 0x00000000e6900000|100%|HC|  |TAMS 0x00000000e6900000, 0x00000000e6800000| Complete 
| 105|0x00000000e6900000, 0x00000000e6a00000, 0x00000000e6a00000|100%|HC|  |TAMS 0x00000000e6a00000, 0x00000000e6900000| Complete 
| 106|0x00000000e6a00000, 0x00000000e6b00000, 0x00000000e6b00000|100%|HC|  |TAMS 0x00000000e6b00000, 0x00000000e6a00000| Complete 
| 107|0x00000000e6b00000, 0x00000000e6c00000, 0x00000000e6c00000|100%|HS|  |TAMS 0x00000000e6c00000, 0x00000000e6b00000| Complete 
| 108|0x00000000e6c00000, 0x00000000e6d00000, 0x00000000e6d00000|100%|HC|  |TAMS 0x00000000e6d00000, 0x00000000e6c00000| Complete 
| 109|0x00000000e6d00000, 0x00000000e6e00000, 0x00000000e6e00000|100%|HC|  |TAMS 0x00000000e6e00000, 0x00000000e6d00000| Complete 
| 110|0x00000000e6e00000, 0x00000000e6f00000, 0x00000000e6f00000|100%|HC|  |TAMS 0x00000000e6f00000, 0x00000000e6e00000| Complete 
| 111|0x00000000e6f00000, 0x00000000e7000000, 0x00000000e7000000|100%|HC|  |TAMS 0x00000000e7000000, 0x00000000e6f00000| Complete 
| 112|0x00000000e7000000, 0x00000000e7100000, 0x00000000e7100000|100%| O|  |TAMS 0x00000000e7100000, 0x00000000e7000000| Untracked 
| 113|0x00000000e7100000, 0x00000000e7200000, 0x00000000e7200000|100%| O|  |TAMS 0x00000000e7200000, 0x00000000e7100000| Untracked 
| 114|0x00000000e7200000, 0x00000000e7300000, 0x00000000e7300000|100%| O|  |TAMS 0x00000000e7300000, 0x00000000e7200000| Untracked 
| 115|0x00000000e7300000, 0x00000000e7400000, 0x00000000e7400000|100%| O|  |TAMS 0x00000000e7400000, 0x00000000e7300000| Untracked 
| 116|0x00000000e7400000, 0x00000000e7500000, 0x00000000e7500000|100%| O|  |TAMS 0x00000000e7500000, 0x00000000e7400000| Untracked 
| 117|0x00000000e7500000, 0x00000000e7600000, 0x00000000e7600000|100%| O|  |TAMS 0x00000000e7600000, 0x00000000e7500000| Untracked 
| 118|0x00000000e7600000, 0x00000000e7700000, 0x00000000e7700000|100%| O|  |TAMS 0x00000000e7700000, 0x00000000e7600000| Untracked 
| 119|0x00000000e7700000, 0x00000000e7800000, 0x00000000e7800000|100%| O|  |TAMS 0x00000000e7800000, 0x00000000e7700000| Untracked 
| 120|0x00000000e7800000, 0x00000000e7900000, 0x00000000e7900000|100%| O|  |TAMS 0x00000000e7900000, 0x00000000e7800000| Untracked 
| 121|0x00000000e7900000, 0x00000000e7a00000, 0x00000000e7a00000|100%| O|  |TAMS 0x00000000e7a00000, 0x00000000e7900000| Untracked 
| 122|0x00000000e7a00000, 0x00000000e7b00000, 0x00000000e7b00000|100%| O|  |TAMS 0x00000000e7b00000, 0x00000000e7a00000| Untracked 
| 123|0x00000000e7b00000, 0x00000000e7c00000, 0x00000000e7c00000|100%| O|  |TAMS 0x00000000e7c00000, 0x00000000e7b00000| Untracked 
| 124|0x00000000e7c00000, 0x00000000e7d00000, 0x00000000e7d00000|100%| O|  |TAMS 0x00000000e7d00000, 0x00000000e7c00000| Untracked 
| 125|0x00000000e7d00000, 0x00000000e7e00000, 0x00000000e7e00000|100%| O|  |TAMS 0x00000000e7e00000, 0x00000000e7d00000| Untracked 
| 126|0x00000000e7e00000, 0x00000000e7f00000, 0x00000000e7f00000|100%| O|  |TAMS 0x00000000e7f00000, 0x00000000e7e00000| Untracked 
| 127|0x00000000e7f00000, 0x00000000e8000000, 0x00000000e8000000|100%| O|  |TAMS 0x00000000e8000000, 0x00000000e7f00000| Untracked 
| 128|0x00000000e8000000, 0x00000000e8100000, 0x00000000e8100000|100%| O|  |TAMS 0x00000000e8100000, 0x00000000e8000000| Untracked 
| 129|0x00000000e8100000, 0x00000000e8100000, 0x00000000e8200000|  0%| F|  |TAMS 0x00000000e8100000, 0x00000000e8100000| Untracked 
| 130|0x00000000e8200000, 0x00000000e8300000, 0x00000000e8300000|100%| O|  |TAMS 0x00000000e8300000, 0x00000000e8200000| Untracked 
| 131|0x00000000e8300000, 0x00000000e8400000, 0x00000000e8400000|100%| O|  |TAMS 0x00000000e8400000, 0x00000000e8300000| Untracked 
| 132|0x00000000e8400000, 0x00000000e8500000, 0x00000000e8500000|100%| O|  |TAMS 0x00000000e8500000, 0x00000000e8400000| Untracked 
| 133|0x00000000e8500000, 0x00000000e8500000, 0x00000000e8600000|  0%| F|  |TAMS 0x00000000e8500000, 0x00000000e8500000| Untracked 
| 134|0x00000000e8600000, 0x00000000e8600000, 0x00000000e8700000|  0%| F|  |TAMS 0x00000000e8600000, 0x00000000e8600000| Untracked 
| 135|0x00000000e8700000, 0x00000000e8700000, 0x00000000e8800000|  0%| F|  |TAMS 0x00000000e8700000, 0x00000000e8700000| Untracked 
| 136|0x00000000e8800000, 0x00000000e8900000, 0x00000000e8900000|100%| O|  |TAMS 0x00000000e88b9800, 0x00000000e8800000| Untracked 
| 137|0x00000000e8900000, 0x00000000e8a00000, 0x00000000e8a00000|100%| O|  |TAMS 0x00000000e8900000, 0x00000000e8900000| Untracked 
| 138|0x00000000e8a00000, 0x00000000e8b00000, 0x00000000e8b00000|100%| O|  |TAMS 0x00000000e8a00000, 0x00000000e8a00000| Untracked 
| 139|0x00000000e8b00000, 0x00000000e8c00000, 0x00000000e8c00000|100%| O|  |TAMS 0x00000000e8b00000, 0x00000000e8b00000| Untracked 
| 140|0x00000000e8c00000, 0x00000000e8d00000, 0x00000000e8d00000|100%| O|  |TAMS 0x00000000e8c00000, 0x00000000e8c00000| Untracked 
| 141|0x00000000e8d00000, 0x00000000e8e00000, 0x00000000e8e00000|100%| O|  |TAMS 0x00000000e8d00000, 0x00000000e8d00000| Untracked 
| 142|0x00000000e8e00000, 0x00000000e8f00000, 0x00000000e8f00000|100%| O|  |TAMS 0x00000000e8e00000, 0x00000000e8e00000| Untracked 
| 143|0x00000000e8f00000, 0x00000000e9000000, 0x00000000e9000000|100%| O|  |TAMS 0x00000000e8f00000, 0x00000000e8f00000| Untracked 
| 144|0x00000000e9000000, 0x00000000e9100000, 0x00000000e9100000|100%| O|  |TAMS 0x00000000e9000000, 0x00000000e9000000| Untracked 
| 145|0x00000000e9100000, 0x00000000e9100000, 0x00000000e9200000|  0%| F|  |TAMS 0x00000000e9100000, 0x00000000e9100000| Untracked 
| 146|0x00000000e9200000, 0x00000000e9200000, 0x00000000e9300000|  0%| F|  |TAMS 0x00000000e9200000, 0x00000000e9200000| Untracked 
| 147|0x00000000e9300000, 0x00000000e9300000, 0x00000000e9400000|  0%| F|  |TAMS 0x00000000e9300000, 0x00000000e9300000| Untracked 
| 148|0x00000000e9400000, 0x00000000e9400000, 0x00000000e9500000|  0%| F|  |TAMS 0x00000000e9400000, 0x00000000e9400000| Untracked 
| 149|0x00000000e9500000, 0x00000000e9500000, 0x00000000e9600000|  0%| F|  |TAMS 0x00000000e9500000, 0x00000000e9500000| Untracked 
| 150|0x00000000e9600000, 0x00000000e9600000, 0x00000000e9700000|  0%| F|  |TAMS 0x00000000e9600000, 0x00000000e9600000| Untracked 
| 151|0x00000000e9700000, 0x00000000e9700000, 0x00000000e9800000|  0%| F|  |TAMS 0x00000000e9700000, 0x00000000e9700000| Untracked 
| 152|0x00000000e9800000, 0x00000000e9800000, 0x00000000e9900000|  0%| F|  |TAMS 0x00000000e9800000, 0x00000000e9800000| Untracked 
| 153|0x00000000e9900000, 0x00000000e9900000, 0x00000000e9a00000|  0%| F|  |TAMS 0x00000000e9900000, 0x00000000e9900000| Untracked 
| 154|0x00000000e9a00000, 0x00000000e9a00000, 0x00000000e9b00000|  0%| F|  |TAMS 0x00000000e9a00000, 0x00000000e9a00000| Untracked 
| 155|0x00000000e9b00000, 0x00000000e9b00000, 0x00000000e9c00000|  0%| F|  |TAMS 0x00000000e9b00000, 0x00000000e9b00000| Untracked 
| 156|0x00000000e9c00000, 0x00000000e9c00000, 0x00000000e9d00000|  0%| F|  |TAMS 0x00000000e9c00000, 0x00000000e9c00000| Untracked 
| 157|0x00000000e9d00000, 0x00000000e9d00000, 0x00000000e9e00000|  0%| F|  |TAMS 0x00000000e9d00000, 0x00000000e9d00000| Untracked 
| 158|0x00000000e9e00000, 0x00000000e9e00000, 0x00000000e9f00000|  0%| F|  |TAMS 0x00000000e9e00000, 0x00000000e9e00000| Untracked 
| 159|0x00000000e9f00000, 0x00000000e9f00000, 0x00000000ea000000|  0%| F|  |TAMS 0x00000000e9f00000, 0x00000000e9f00000| Untracked 
| 160|0x00000000ea000000, 0x00000000ea000000, 0x00000000ea100000|  0%| F|  |TAMS 0x00000000ea000000, 0x00000000ea000000| Untracked 
| 161|0x00000000ea100000, 0x00000000ea100000, 0x00000000ea200000|  0%| F|  |TAMS 0x00000000ea100000, 0x00000000ea100000| Untracked 
| 162|0x00000000ea200000, 0x00000000ea200000, 0x00000000ea300000|  0%| F|  |TAMS 0x00000000ea200000, 0x00000000ea200000| Untracked 
| 163|0x00000000ea300000, 0x00000000ea300000, 0x00000000ea400000|  0%| F|  |TAMS 0x00000000ea300000, 0x00000000ea300000| Untracked 
| 164|0x00000000ea400000, 0x00000000ea400000, 0x00000000ea500000|  0%| F|  |TAMS 0x00000000ea400000, 0x00000000ea400000| Untracked 
| 165|0x00000000ea500000, 0x00000000ea500000, 0x00000000ea600000|  0%| F|  |TAMS 0x00000000ea500000, 0x00000000ea500000| Untracked 
| 166|0x00000000ea600000, 0x00000000ea600000, 0x00000000ea700000|  0%| F|  |TAMS 0x00000000ea600000, 0x00000000ea600000| Untracked 
| 167|0x00000000ea700000, 0x00000000ea700000, 0x00000000ea800000|  0%| F|  |TAMS 0x00000000ea700000, 0x00000000ea700000| Untracked 
| 168|0x00000000ea800000, 0x00000000ea800000, 0x00000000ea900000|  0%| F|  |TAMS 0x00000000ea800000, 0x00000000ea800000| Untracked 
| 169|0x00000000ea900000, 0x00000000ea900000, 0x00000000eaa00000|  0%| F|  |TAMS 0x00000000ea900000, 0x00000000ea900000| Untracked 
| 170|0x00000000eaa00000, 0x00000000eaa00000, 0x00000000eab00000|  0%| F|  |TAMS 0x00000000eaa00000, 0x00000000eaa00000| Untracked 
| 171|0x00000000eab00000, 0x00000000eab00000, 0x00000000eac00000|  0%| F|  |TAMS 0x00000000eab00000, 0x00000000eab00000| Untracked 
| 172|0x00000000eac00000, 0x00000000eac00000, 0x00000000ead00000|  0%| F|  |TAMS 0x00000000eac00000, 0x00000000eac00000| Untracked 
| 173|0x00000000ead00000, 0x00000000ead00000, 0x00000000eae00000|  0%| F|  |TAMS 0x00000000ead00000, 0x00000000ead00000| Untracked 
| 174|0x00000000eae00000, 0x00000000eae00000, 0x00000000eaf00000|  0%| F|  |TAMS 0x00000000eae00000, 0x00000000eae00000| Untracked 
| 175|0x00000000eaf00000, 0x00000000eaf00000, 0x00000000eb000000|  0%| F|  |TAMS 0x00000000eaf00000, 0x00000000eaf00000| Untracked 
| 176|0x00000000eb000000, 0x00000000eb000000, 0x00000000eb100000|  0%| F|  |TAMS 0x00000000eb000000, 0x00000000eb000000| Untracked 
| 177|0x00000000eb100000, 0x00000000eb100000, 0x00000000eb200000|  0%| F|  |TAMS 0x00000000eb100000, 0x00000000eb100000| Untracked 
| 178|0x00000000eb200000, 0x00000000eb2751e0, 0x00000000eb300000| 45%| S|CS|TAMS 0x00000000eb200000, 0x00000000eb200000| Complete 
| 179|0x00000000eb300000, 0x00000000eb400000, 0x00000000eb400000|100%| S|CS|TAMS 0x00000000eb300000, 0x00000000eb300000| Complete 
| 180|0x00000000eb400000, 0x00000000eb500000, 0x00000000eb500000|100%| S|CS|TAMS 0x00000000eb400000, 0x00000000eb400000| Complete 
| 181|0x00000000eb500000, 0x00000000eb600000, 0x00000000eb600000|100%| S|CS|TAMS 0x00000000eb500000, 0x00000000eb500000| Complete 
| 182|0x00000000eb600000, 0x00000000eb700000, 0x00000000eb700000|100%| S|CS|TAMS 0x00000000eb600000, 0x00000000eb600000| Complete 
| 183|0x00000000eb700000, 0x00000000eb700000, 0x00000000eb800000|  0%| F|  |TAMS 0x00000000eb700000, 0x00000000eb700000| Untracked 
| 184|0x00000000eb800000, 0x00000000eb800000, 0x00000000eb900000|  0%| F|  |TAMS 0x00000000eb800000, 0x00000000eb800000| Untracked 
| 185|0x00000000eb900000, 0x00000000eb900000, 0x00000000eba00000|  0%| F|  |TAMS 0x00000000eb900000, 0x00000000eb900000| Untracked 
| 186|0x00000000eba00000, 0x00000000eba00000, 0x00000000ebb00000|  0%| F|  |TAMS 0x00000000eba00000, 0x00000000eba00000| Untracked 
| 187|0x00000000ebb00000, 0x00000000ebb00000, 0x00000000ebc00000|  0%| F|  |TAMS 0x00000000ebb00000, 0x00000000ebb00000| Untracked 
| 188|0x00000000ebc00000, 0x00000000ebc00000, 0x00000000ebd00000|  0%| F|  |TAMS 0x00000000ebc00000, 0x00000000ebc00000| Untracked 
| 189|0x00000000ebd00000, 0x00000000ebd00000, 0x00000000ebe00000|  0%| F|  |TAMS 0x00000000ebd00000, 0x00000000ebd00000| Untracked 
| 190|0x00000000ebe00000, 0x00000000ebe00000, 0x00000000ebf00000|  0%| F|  |TAMS 0x00000000ebe00000, 0x00000000ebe00000| Untracked 
| 191|0x00000000ebf00000, 0x00000000ebf00000, 0x00000000ec000000|  0%| F|  |TAMS 0x00000000ebf00000, 0x00000000ebf00000| Untracked 
| 192|0x00000000ec000000, 0x00000000ec000000, 0x00000000ec100000|  0%| F|  |TAMS 0x00000000ec000000, 0x00000000ec000000| Untracked 
| 193|0x00000000ec100000, 0x00000000ec100000, 0x00000000ec200000|  0%| F|  |TAMS 0x00000000ec100000, 0x00000000ec100000| Untracked 
| 194|0x00000000ec200000, 0x00000000ec200000, 0x00000000ec300000|  0%| F|  |TAMS 0x00000000ec200000, 0x00000000ec200000| Untracked 
| 195|0x00000000ec300000, 0x00000000ec300000, 0x00000000ec400000|  0%| F|  |TAMS 0x00000000ec300000, 0x00000000ec300000| Untracked 
| 196|0x00000000ec400000, 0x00000000ec400000, 0x00000000ec500000|  0%| F|  |TAMS 0x00000000ec400000, 0x00000000ec400000| Untracked 
| 197|0x00000000ec500000, 0x00000000ec500000, 0x00000000ec600000|  0%| F|  |TAMS 0x00000000ec500000, 0x00000000ec500000| Untracked 
| 198|0x00000000ec600000, 0x00000000ec600000, 0x00000000ec700000|  0%| F|  |TAMS 0x00000000ec600000, 0x00000000ec600000| Untracked 
| 199|0x00000000ec700000, 0x00000000ec700000, 0x00000000ec800000|  0%| F|  |TAMS 0x00000000ec700000, 0x00000000ec700000| Untracked 
| 200|0x00000000ec800000, 0x00000000ec800000, 0x00000000ec900000|  0%| F|  |TAMS 0x00000000ec800000, 0x00000000ec800000| Untracked 
| 201|0x00000000ec900000, 0x00000000ec900000, 0x00000000eca00000|  0%| F|  |TAMS 0x00000000ec900000, 0x00000000ec900000| Untracked 
| 202|0x00000000eca00000, 0x00000000eca00000, 0x00000000ecb00000|  0%| F|  |TAMS 0x00000000eca00000, 0x00000000eca00000| Untracked 
| 203|0x00000000ecb00000, 0x00000000ecb00000, 0x00000000ecc00000|  0%| F|  |TAMS 0x00000000ecb00000, 0x00000000ecb00000| Untracked 
| 204|0x00000000ecc00000, 0x00000000ecc00000, 0x00000000ecd00000|  0%| F|  |TAMS 0x00000000ecc00000, 0x00000000ecc00000| Untracked 
| 205|0x00000000ecd00000, 0x00000000ecd00000, 0x00000000ece00000|  0%| F|  |TAMS 0x00000000ecd00000, 0x00000000ecd00000| Untracked 
| 206|0x00000000ece00000, 0x00000000ece00000, 0x00000000ecf00000|  0%| F|  |TAMS 0x00000000ece00000, 0x00000000ece00000| Untracked 
| 207|0x00000000ecf00000, 0x00000000ecf00000, 0x00000000ed000000|  0%| F|  |TAMS 0x00000000ecf00000, 0x00000000ecf00000| Untracked 
| 208|0x00000000ed000000, 0x00000000ed000000, 0x00000000ed100000|  0%| F|  |TAMS 0x00000000ed000000, 0x00000000ed000000| Untracked 
| 209|0x00000000ed100000, 0x00000000ed100000, 0x00000000ed200000|  0%| F|  |TAMS 0x00000000ed100000, 0x00000000ed100000| Untracked 
| 210|0x00000000ed200000, 0x00000000ed200000, 0x00000000ed300000|  0%| F|  |TAMS 0x00000000ed200000, 0x00000000ed200000| Untracked 
| 211|0x00000000ed300000, 0x00000000ed300000, 0x00000000ed400000|  0%| F|  |TAMS 0x00000000ed300000, 0x00000000ed300000| Untracked 
| 212|0x00000000ed400000, 0x00000000ed400000, 0x00000000ed500000|  0%| F|  |TAMS 0x00000000ed400000, 0x00000000ed400000| Untracked 
| 213|0x00000000ed500000, 0x00000000ed500000, 0x00000000ed600000|  0%| F|  |TAMS 0x00000000ed500000, 0x00000000ed500000| Untracked 
| 214|0x00000000ed600000, 0x00000000ed600000, 0x00000000ed700000|  0%| F|  |TAMS 0x00000000ed600000, 0x00000000ed600000| Untracked 
| 215|0x00000000ed700000, 0x00000000ed700000, 0x00000000ed800000|  0%| F|  |TAMS 0x00000000ed700000, 0x00000000ed700000| Untracked 
| 216|0x00000000ed800000, 0x00000000ed800000, 0x00000000ed900000|  0%| F|  |TAMS 0x00000000ed800000, 0x00000000ed800000| Untracked 
| 217|0x00000000ed900000, 0x00000000ed900000, 0x00000000eda00000|  0%| F|  |TAMS 0x00000000ed900000, 0x00000000ed900000| Untracked 
| 218|0x00000000eda00000, 0x00000000eda00000, 0x00000000edb00000|  0%| F|  |TAMS 0x00000000eda00000, 0x00000000eda00000| Untracked 
| 219|0x00000000edb00000, 0x00000000edb00000, 0x00000000edc00000|  0%| F|  |TAMS 0x00000000edb00000, 0x00000000edb00000| Untracked 
| 220|0x00000000edc00000, 0x00000000edc00000, 0x00000000edd00000|  0%| F|  |TAMS 0x00000000edc00000, 0x00000000edc00000| Untracked 
| 221|0x00000000edd00000, 0x00000000edd00000, 0x00000000ede00000|  0%| F|  |TAMS 0x00000000edd00000, 0x00000000edd00000| Untracked 
| 222|0x00000000ede00000, 0x00000000ede00000, 0x00000000edf00000|  0%| F|  |TAMS 0x00000000ede00000, 0x00000000ede00000| Untracked 
| 223|0x00000000edf00000, 0x00000000edf00000, 0x00000000ee000000|  0%| F|  |TAMS 0x00000000edf00000, 0x00000000edf00000| Untracked 
| 224|0x00000000ee000000, 0x00000000ee000000, 0x00000000ee100000|  0%| F|  |TAMS 0x00000000ee000000, 0x00000000ee000000| Untracked 
| 225|0x00000000ee100000, 0x00000000ee100000, 0x00000000ee200000|  0%| F|  |TAMS 0x00000000ee100000, 0x00000000ee100000| Untracked 
| 226|0x00000000ee200000, 0x00000000ee200000, 0x00000000ee300000|  0%| F|  |TAMS 0x00000000ee200000, 0x00000000ee200000| Untracked 
| 227|0x00000000ee300000, 0x00000000ee300000, 0x00000000ee400000|  0%| F|  |TAMS 0x00000000ee300000, 0x00000000ee300000| Untracked 
| 228|0x00000000ee400000, 0x00000000ee400000, 0x00000000ee500000|  0%| F|  |TAMS 0x00000000ee400000, 0x00000000ee400000| Untracked 
| 229|0x00000000ee500000, 0x00000000ee500000, 0x00000000ee600000|  0%| F|  |TAMS 0x00000000ee500000, 0x00000000ee500000| Untracked 
| 230|0x00000000ee600000, 0x00000000ee600000, 0x00000000ee700000|  0%| F|  |TAMS 0x00000000ee600000, 0x00000000ee600000| Untracked 
| 231|0x00000000ee700000, 0x00000000ee700000, 0x00000000ee800000|  0%| F|  |TAMS 0x00000000ee700000, 0x00000000ee700000| Untracked 
| 232|0x00000000ee800000, 0x00000000ee800000, 0x00000000ee900000|  0%| F|  |TAMS 0x00000000ee800000, 0x00000000ee800000| Untracked 
| 233|0x00000000ee900000, 0x00000000ee900000, 0x00000000eea00000|  0%| F|  |TAMS 0x00000000ee900000, 0x00000000ee900000| Untracked 
| 234|0x00000000eea00000, 0x00000000eea00000, 0x00000000eeb00000|  0%| F|  |TAMS 0x00000000eea00000, 0x00000000eea00000| Untracked 
| 235|0x00000000eeb00000, 0x00000000eeb00000, 0x00000000eec00000|  0%| F|  |TAMS 0x00000000eeb00000, 0x00000000eeb00000| Untracked 
| 236|0x00000000eec00000, 0x00000000eec00000, 0x00000000eed00000|  0%| F|  |TAMS 0x00000000eec00000, 0x00000000eec00000| Untracked 
| 237|0x00000000eed00000, 0x00000000eed00000, 0x00000000eee00000|  0%| F|  |TAMS 0x00000000eed00000, 0x00000000eed00000| Untracked 
| 238|0x00000000eee00000, 0x00000000eee00000, 0x00000000eef00000|  0%| F|  |TAMS 0x00000000eee00000, 0x00000000eee00000| Untracked 
| 239|0x00000000eef00000, 0x00000000eef00000, 0x00000000ef000000|  0%| F|  |TAMS 0x00000000eef00000, 0x00000000eef00000| Untracked 
| 240|0x00000000ef000000, 0x00000000ef000000, 0x00000000ef100000|  0%| F|  |TAMS 0x00000000ef000000, 0x00000000ef000000| Untracked 
| 241|0x00000000ef100000, 0x00000000ef100000, 0x00000000ef200000|  0%| F|  |TAMS 0x00000000ef100000, 0x00000000ef100000| Untracked 
| 242|0x00000000ef200000, 0x00000000ef200000, 0x00000000ef300000|  0%| F|  |TAMS 0x00000000ef200000, 0x00000000ef200000| Untracked 
| 243|0x00000000ef300000, 0x00000000ef300000, 0x00000000ef400000|  0%| F|  |TAMS 0x00000000ef300000, 0x00000000ef300000| Untracked 
| 244|0x00000000ef400000, 0x00000000ef400000, 0x00000000ef500000|  0%| F|  |TAMS 0x00000000ef400000, 0x00000000ef400000| Untracked 
| 245|0x00000000ef500000, 0x00000000ef500000, 0x00000000ef600000|  0%| F|  |TAMS 0x00000000ef500000, 0x00000000ef500000| Untracked 
| 246|0x00000000ef600000, 0x00000000ef600000, 0x00000000ef700000|  0%| F|  |TAMS 0x00000000ef600000, 0x00000000ef600000| Untracked 
| 247|0x00000000ef700000, 0x00000000ef7c3cc8, 0x00000000ef800000| 76%| E|  |TAMS 0x00000000ef700000, 0x00000000ef700000| Complete 
| 248|0x00000000ef800000, 0x00000000ef900000, 0x00000000ef900000|100%| E|CS|TAMS 0x00000000ef800000, 0x00000000ef800000| Complete 
| 249|0x00000000ef900000, 0x00000000efa00000, 0x00000000efa00000|100%| E|  |TAMS 0x00000000ef900000, 0x00000000ef900000| Complete 
| 250|0x00000000efa00000, 0x00000000efb00000, 0x00000000efb00000|100%| E|CS|TAMS 0x00000000efa00000, 0x00000000efa00000| Complete 
| 251|0x00000000efb00000, 0x00000000efc00000, 0x00000000efc00000|100%| E|CS|TAMS 0x00000000efb00000, 0x00000000efb00000| Complete 
| 252|0x00000000efc00000, 0x00000000efd00000, 0x00000000efd00000|100%| E|CS|TAMS 0x00000000efc00000, 0x00000000efc00000| Complete 
| 253|0x00000000efd00000, 0x00000000efe00000, 0x00000000efe00000|100%| E|CS|TAMS 0x00000000efd00000, 0x00000000efd00000| Complete 
| 254|0x00000000efe00000, 0x00000000eff00000, 0x00000000eff00000|100%| E|CS|TAMS 0x00000000efe00000, 0x00000000efe00000| Complete 
| 255|0x00000000eff00000, 0x00000000f0000000, 0x00000000f0000000|100%| E|CS|TAMS 0x00000000eff00000, 0x00000000eff00000| Complete 
| 256|0x00000000f0000000, 0x00000000f0100000, 0x00000000f0100000|100%| E|CS|TAMS 0x00000000f0000000, 0x00000000f0000000| Complete 
| 257|0x00000000f0100000, 0x00000000f0200000, 0x00000000f0200000|100%| E|CS|TAMS 0x00000000f0100000, 0x00000000f0100000| Complete 
| 258|0x00000000f0200000, 0x00000000f0300000, 0x00000000f0300000|100%| E|CS|TAMS 0x00000000f0200000, 0x00000000f0200000| Complete 
| 259|0x00000000f0300000, 0x00000000f0400000, 0x00000000f0400000|100%| O|  |TAMS 0x00000000f0400000, 0x00000000f0300000| Untracked 
| 260|0x00000000f0400000, 0x00000000f0500000, 0x00000000f0500000|100%| O|  |TAMS 0x00000000f0500000, 0x00000000f0400000| Untracked 

Card table byte_map: [0x000001dd22e80000,0x000001dd22f80000] _byte_map_base: 0x000001dd22780000

Marking Bits (Prev, Next): (CMBitMap*) 0x000001dd09429aa0, (CMBitMap*) 0x000001dd09429a68
 Prev Bits: [0x000001dd23880000, 0x000001dd24080000)
 Next Bits: [0x000001dd23080000, 0x000001dd23880000)

Polling page: 0x000001dd094d0000

Metaspace:

Usage:
  Non-class:     77.52 MB capacity,    75.45 MB ( 97%) used,     1.77 MB (  2%) free+waste,   299.94 KB ( <1%) overhead. 
      Class:     11.74 MB capacity,    10.66 MB ( 91%) used,   976.03 KB (  8%) free+waste,   137.25 KB (  1%) overhead. 
       Both:     89.26 MB capacity,    86.11 MB ( 96%) used,     2.72 MB (  3%) free+waste,   437.19 KB ( <1%) overhead. 

Virtual space:
  Non-class space:       78.00 MB reserved,      77.58 MB (>99%) committed 
      Class space:      248.00 MB reserved,      11.82 MB (  5%) committed 
             Both:      326.00 MB reserved,      89.40 MB ( 27%) committed 

Chunk freelists:
   Non-Class:  61.00 KB
       Class:  0 bytes
        Both:  61.00 KB

MaxMetaspaceSize: 256.00 MB
CompressedClassSpaceSize: 248.00 MB
Initial GC threshold: 20.80 MB
Current GC threshold: 140.88 MB
CDS: off

CodeHeap 'non-profiled nmethods': size=120000Kb used=11337Kb max_used=11423Kb free=108662Kb
 bounds [0x000001dd1adf0000, 0x000001dd1b920000, 0x000001dd22320000]
CodeHeap 'profiled nmethods': size=120000Kb used=30585Kb max_used=30730Kb free=89414Kb
 bounds [0x000001dd138c0000, 0x000001dd156d0000, 0x000001dd1adf0000]
CodeHeap 'non-nmethods': size=5760Kb used=2354Kb max_used=2419Kb free=3405Kb
 bounds [0x000001dd13320000, 0x000001dd13590000, 0x000001dd138c0000]
 total_blobs=14793 nmethods=13921 adapters=784
 compilation: enabled
              stopped_count=0, restarted_count=0
 full_count=0

Compilation events (20 events):
Event: 1766.591 Thread 0x000001dd26b2a000 15251       3       org.gradle.cache.internal.btree.FileBackedBlockStore$BlockImpl::getSize (27 bytes)
Event: 1766.591 Thread 0x000001dd26b2a000 nmethod 15251 0x000001dd142f5290 code [0x000001dd142f5460, 0x000001dd142f5708]
Event: 1766.655 Thread 0x000001dd26b2a000 15252       3       com.google.common.collect.RegularImmutableSortedSet::size (8 bytes)
Event: 1766.656 Thread 0x000001dd26b2a000 nmethod 15252 0x000001dd142f4e10 code [0x000001dd142f4fc0, 0x000001dd142f5188]
Event: 1766.656 Thread 0x000001dd26b2a000 15253       3       com.google.common.collect.ImmutableListMultimap::builder (8 bytes)
Event: 1766.657 Thread 0x000001dd26b2a000 nmethod 15253 0x000001dd142f4410 code [0x000001dd142f4640, 0x000001dd142f4c08]
Event: 1766.657 Thread 0x000001dd26b2a000 15254       3       com.google.common.collect.ImmutableListMultimap$Builder::<init> (5 bytes)
Event: 1766.657 Thread 0x000001dd26b2a000 nmethod 15254 0x000001dd142f3b10 code [0x000001dd142f3d20, 0x000001dd142f4248]
Event: 1766.658 Thread 0x000001dd26b2a000 15255       3       java.util.HashSet::writeObject (75 bytes)
Event: 1766.661 Thread 0x000001dd26b2a000 nmethod 15255 0x000001dd142f2990 code [0x000001dd142f2c20, 0x000001dd142f3728]
Event: 1766.661 Thread 0x000001dd26b2a000 15256       3       java.io.ObjectOutputStream::writeFloat (9 bytes)
Event: 1766.662 Thread 0x000001dd26b2a000 nmethod 15256 0x000001dd142f2590 code [0x000001dd142f2740, 0x000001dd142f2888]
Event: 1766.663 Thread 0x000001dd26b2a000 15257       3       java.lang.AbstractStringBuilder::setLength (66 bytes)
Event: 1766.664 Thread 0x000001dd2738c800 15259       4       org.gradle.internal.logging.text.AbstractLineChoppingStyledTextOutput$StateContext::flushLineText (114 bytes)
Event: 1766.665 Thread 0x000001dd26b2a000 nmethod 15257 0x000001dd142f1810 code [0x000001dd142f1a60, 0x000001dd142f2218]
Event: 1766.665 Thread 0x000001dd26b2a000 15258       3       java.lang.StringBuilder::setLength (6 bytes)
Event: 1766.665 Thread 0x000001dd26b2a000 nmethod 15258 0x000001dd142f1490 code [0x000001dd142f1640, 0x000001dd142f1768]
Event: 1766.666 Thread 0x000001dd26b2a000 15260       1       org.gradle.internal.fingerprint.impl.DefaultFileSystemLocationFingerprint::getNormalizedContentHash (5 bytes)
Event: 1766.667 Thread 0x000001dd26b2a000 nmethod 15260 0x000001dd1b18cf90 code [0x000001dd1b18d140, 0x000001dd1b18d1f8]
Event: 1766.672 Thread 0x000001dd2738c800 nmethod 15259 0x000001dd1b18c310 code [0x000001dd1b18c500, 0x000001dd1b18cb18]

GC Heap History (20 events):
Event: 495.990 GC heap before
{Heap before GC invocations=53 (full 0):
 garbage-first heap   total 267264K, used 200360K [0x00000000e0000000, 0x0000000100000000)
  region size 1024K, 74 young (75776K), 5 survivors (5120K)
 Metaspace       used 79844K, capacity 82725K, committed 82972K, reserved 327680K
  class space    used 10151K, capacity 11115K, committed 11212K, reserved 253952K
}
Event: 496.003 GC heap after
{Heap after GC invocations=54 (full 0):
 garbage-first heap   total 267264K, used 136079K [0x00000000e0000000, 0x0000000100000000)
  region size 1024K, 10 young (10240K), 10 survivors (10240K)
 Metaspace       used 79844K, capacity 82725K, committed 82972K, reserved 327680K
  class space    used 10151K, capacity 11115K, committed 11212K, reserved 253952K
}
Event: 496.826 GC heap before
{Heap before GC invocations=55 (full 0):
 garbage-first heap   total 267264K, used 204687K [0x00000000e0000000, 0x0000000100000000)
  region size 1024K, 78 young (79872K), 10 survivors (10240K)
 Metaspace       used 81256K, capacity 83759K, committed 84636K, reserved 327680K
  class space    used 10198K, capacity 11078K, committed 11340K, reserved 253952K
}
Event: 496.839 GC heap after
{Heap after GC invocations=56 (full 0):
 garbage-first heap   total 267264K, used 142033K [0x00000000e0000000, 0x0000000100000000)
  region size 1024K, 6 young (6144K), 6 survivors (6144K)
 Metaspace       used 81256K, capacity 83759K, committed 84636K, reserved 327680K
  class space    used 10198K, capacity 11078K, committed 11340K, reserved 253952K
}
Event: 497.113 GC heap before
{Heap before GC invocations=56 (full 0):
 garbage-first heap   total 267264K, used 149201K [0x00000000e0000000, 0x0000000100000000)
  region size 1024K, 13 young (13312K), 6 survivors (6144K)
 Metaspace       used 81822K, capacity 84354K, committed 85148K, reserved 329728K
  class space    used 10236K, capacity 11123K, committed 11340K, reserved 253952K
}
Event: 497.120 GC heap after
{Heap after GC invocations=57 (full 0):
 garbage-first heap   total 267264K, used 135309K [0x00000000e0000000, 0x0000000100000000)
  region size 1024K, 2 young (2048K), 2 survivors (2048K)
 Metaspace       used 81822K, capacity 84354K, committed 85148K, reserved 329728K
  class space    used 10236K, capacity 11123K, committed 11340K, reserved 253952K
}
Event: 499.138 GC heap before
{Heap before GC invocations=57 (full 0):
 garbage-first heap   total 267264K, used 204941K [0x00000000e0000000, 0x0000000100000000)
  region size 1024K, 71 young (72704K), 2 survivors (2048K)
 Metaspace       used 82865K, capacity 85547K, committed 86300K, reserved 329728K
  class space    used 10356K, capacity 11259K, committed 11468K, reserved 253952K
}
Event: 499.146 GC heap after
{Heap after GC invocations=58 (full 0):
 garbage-first heap   total 267264K, used 142046K [0x00000000e0000000, 0x0000000100000000)
  region size 1024K, 8 young (8192K), 8 survivors (8192K)
 Metaspace       used 82865K, capacity 85547K, committed 86300K, reserved 329728K
  class space    used 10356K, capacity 11259K, committed 11468K, reserved 253952K
}
Event: 517.861 GC heap before
{Heap before GC invocations=59 (full 0):
 garbage-first heap   total 267264K, used 210654K [0x00000000e0000000, 0x0000000100000000)
  region size 1024K, 76 young (77824K), 8 survivors (8192K)
 Metaspace       used 84279K, capacity 87209K, committed 87452K, reserved 331776K
  class space    used 10516K, capacity 11536K, committed 11596K, reserved 253952K
}
Event: 517.877 GC heap after
{Heap after GC invocations=60 (full 0):
 garbage-first heap   total 267264K, used 147887K [0x00000000e0000000, 0x0000000100000000)
  region size 1024K, 7 young (7168K), 7 survivors (7168K)
 Metaspace       used 84279K, capacity 87209K, committed 87452K, reserved 331776K
  class space    used 10516K, capacity 11536K, committed 11596K, reserved 253952K
}
Event: 517.896 GC heap before
{Heap before GC invocations=60 (full 0):
 garbage-first heap   total 267264K, used 154031K [0x00000000e0000000, 0x0000000100000000)
  region size 1024K, 13 young (13312K), 7 survivors (7168K)
 Metaspace       used 84406K, capacity 87337K, committed 87452K, reserved 331776K
  class space    used 10536K, capacity 11536K, committed 11596K, reserved 253952K
}
Event: 517.907 GC heap after
{Heap after GC invocations=61 (full 0):
 garbage-first heap   total 267264K, used 140288K [0x00000000e0000000, 0x0000000100000000)
  region size 1024K, 1 young (1024K), 1 survivors (1024K)
 Metaspace       used 84406K, capacity 87337K, committed 87452K, reserved 331776K
  class space    used 10536K, capacity 11536K, committed 11596K, reserved 253952K
}
Event: 518.242 GC heap before
{Heap before GC invocations=61 (full 0):
 garbage-first heap   total 267264K, used 211968K [0x00000000e0000000, 0x0000000100000000)
  region size 1024K, 71 young (72704K), 1 survivors (1024K)
 Metaspace       used 85743K, capacity 88752K, committed 88860K, reserved 331776K
  class space    used 10688K, capacity 11701K, committed 11724K, reserved 253952K
}
Event: 518.247 GC heap after
{Heap after GC invocations=62 (full 0):
 garbage-first heap   total 267264K, used 142922K [0x00000000e0000000, 0x0000000100000000)
  region size 1024K, 4 young (4096K), 4 survivors (4096K)
 Metaspace       used 85743K, capacity 88752K, committed 88860K, reserved 331776K
  class space    used 10688K, capacity 11701K, committed 11724K, reserved 253952K
}
Event: 606.876 GC heap before
{Heap before GC invocations=62 (full 0):
 garbage-first heap   total 267264K, used 213578K [0x00000000e0000000, 0x0000000100000000)
  region size 1024K, 74 young (75776K), 4 survivors (4096K)
 Metaspace       used 86519K, capacity 89615K, committed 89756K, reserved 333824K
  class space    used 10747K, capacity 11807K, committed 11852K, reserved 253952K
}
Event: 606.881 GC heap after
{Heap after GC invocations=63 (full 0):
 garbage-first heap   total 267264K, used 146866K [0x00000000e0000000, 0x0000000100000000)
  region size 1024K, 8 young (8192K), 8 survivors (8192K)
 Metaspace       used 86519K, capacity 89615K, committed 89756K, reserved 333824K
  class space    used 10747K, capacity 11807K, committed 11852K, reserved 253952K
}
Event: 737.765 GC heap before
{Heap before GC invocations=63 (full 0):
 garbage-first heap   total 267264K, used 216498K [0x00000000e0000000, 0x0000000100000000)
  region size 1024K, 77 young (78848K), 8 survivors (8192K)
 Metaspace       used 87679K, capacity 90814K, committed 91036K, reserved 333824K
  class space    used 10877K, capacity 11990K, committed 12108K, reserved 253952K
}
Event: 737.772 GC heap after
{Heap after GC invocations=64 (full 0):
 garbage-first heap   total 267264K, used 147654K [0x00000000e0000000, 0x0000000100000000)
  region size 1024K, 5 young (5120K), 5 survivors (5120K)
 Metaspace       used 87679K, capacity 90814K, committed 91036K, reserved 333824K
  class space    used 10877K, capacity 11990K, committed 12108K, reserved 253952K
}
Event: 1765.758 GC heap before
{Heap before GC invocations=64 (full 0):
 garbage-first heap   total 267264K, used 220358K [0x00000000e0000000, 0x0000000100000000)
  region size 1024K, 76 young (77824K), 5 survivors (5120K)
 Metaspace       used 88121K, capacity 91269K, committed 91548K, reserved 333824K
  class space    used 10911K, capacity 12024K, committed 12108K, reserved 253952K
}
Event: 1765.762 GC heap after
{Heap after GC invocations=65 (full 0):
 garbage-first heap   total 267264K, used 147098K [0x00000000e0000000, 0x0000000100000000)
  region size 1024K, 5 young (5120K), 5 survivors (5120K)
 Metaspace       used 88121K, capacity 91269K, committed 91548K, reserved 333824K
  class space    used 10911K, capacity 12024K, committed 12108K, reserved 253952K
}

Deoptimization events (20 events):
Event: 1765.579 Thread 0x000001dd2b007000 Uncommon trap: trap_request=0xffffffbe fr.pc=0x000001dd1b27995c relative=0x00000000000013fc
Event: 1765.579 Thread 0x000001dd2b007000 Uncommon trap: reason=profile_predicate action=maybe_recompile pc=0x000001dd1b27995c method=org.gradle.internal.file.DefaultFileHierarchySet$Node.isChildOfOrThis(Ljava/lang/String;I)Z @ 54 c2
Event: 1765.579 Thread 0x000001dd2b007000 DEOPT PACKING pc=0x000001dd1b27995c sp=0x00000081a15fbf10
Event: 1765.579 Thread 0x000001dd2b007000 DEOPT UNPACKING pc=0x000001dd1336a1af sp=0x00000081a15fbe58 mode 2
Event: 1765.579 Thread 0x000001dd2b007000 Uncommon trap: trap_request=0xffffffbe fr.pc=0x000001dd1b27995c relative=0x00000000000013fc
Event: 1765.579 Thread 0x000001dd2b007000 Uncommon trap: reason=profile_predicate action=maybe_recompile pc=0x000001dd1b27995c method=org.gradle.internal.file.DefaultFileHierarchySet$Node.isChildOfOrThis(Ljava/lang/String;I)Z @ 54 c2
Event: 1765.579 Thread 0x000001dd2b007000 DEOPT PACKING pc=0x000001dd1b27995c sp=0x00000081a15fb2d0
Event: 1765.579 Thread 0x000001dd2b007000 DEOPT UNPACKING pc=0x000001dd1336a1af sp=0x00000081a15fb218 mode 2
Event: 1765.608 Thread 0x000001dd2b007000 Uncommon trap: trap_request=0xffffffbe fr.pc=0x000001dd1b27995c relative=0x00000000000013fc
Event: 1765.608 Thread 0x000001dd2b007000 Uncommon trap: reason=profile_predicate action=maybe_recompile pc=0x000001dd1b27995c method=org.gradle.internal.file.DefaultFileHierarchySet$Node.isChildOfOrThis(Ljava/lang/String;I)Z @ 54 c2
Event: 1765.608 Thread 0x000001dd2b007000 DEOPT PACKING pc=0x000001dd1b27995c sp=0x00000081a15fbac0
Event: 1765.609 Thread 0x000001dd2b007000 DEOPT UNPACKING pc=0x000001dd1336a1af sp=0x00000081a15fba08 mode 2
Event: 1766.103 Thread 0x000001dd2b008000 Uncommon trap: trap_request=0xffffffc6 fr.pc=0x000001dd1b1dfa14 relative=0x0000000000000074
Event: 1766.103 Thread 0x000001dd2b008000 Uncommon trap: reason=bimorphic_or_optimized_type_check action=maybe_recompile pc=0x000001dd1b1dfa14 method=org.gradle.api.internal.tasks.testing.DecoratingTestDescriptor.getClassName()Ljava/lang/String; @ 4 c2
Event: 1766.103 Thread 0x000001dd2b008000 DEOPT PACKING pc=0x000001dd1b1dfa14 sp=0x00000081a16f8c60
Event: 1766.103 Thread 0x000001dd2b008000 DEOPT UNPACKING pc=0x000001dd1336a1af sp=0x00000081a16f8be8 mode 2
Event: 1766.148 Thread 0x000001dd2b008000 Uncommon trap: trap_request=0xffffffc6 fr.pc=0x000001dd1b1dfa14 relative=0x0000000000000074
Event: 1766.148 Thread 0x000001dd2b008000 Uncommon trap: reason=bimorphic_or_optimized_type_check action=maybe_recompile pc=0x000001dd1b1dfa14 method=org.gradle.api.internal.tasks.testing.DecoratingTestDescriptor.getClassName()Ljava/lang/String; @ 4 c2
Event: 1766.148 Thread 0x000001dd2b008000 DEOPT PACKING pc=0x000001dd1b1dfa14 sp=0x00000081a16f8c50
Event: 1766.148 Thread 0x000001dd2b008000 DEOPT UNPACKING pc=0x000001dd1336a1af sp=0x00000081a16f8bd8 mode 2

Classes redefined (0 events):
No events

Internal exceptions (20 events):
Event: 656.014 Thread 0x000001dd27abf800 Exception <a 'java/lang/ClassNotFoundException'{0x00000000ee8794c0}: java/lang/AssertionErrorBeanInfo> (0x00000000ee8794c0) thrown at [./src/hotspot/share/classfile/systemDictionary.cpp, line 231]
Event: 656.015 Thread 0x000001dd27abf800 Exception <a 'java/lang/ClassNotFoundException'{0x00000000ee88a268}: java/lang/ErrorBeanInfo> (0x00000000ee88a268) thrown at [./src/hotspot/share/classfile/systemDictionary.cpp, line 231]
Event: 656.015 Thread 0x000001dd27abf800 Exception <a 'java/lang/ClassNotFoundException'{0x00000000ee89c530}: java/lang/ThrowableBeanInfo> (0x00000000ee89c530) thrown at [./src/hotspot/share/classfile/systemDictionary.cpp, line 231]
Event: 656.015 Thread 0x000001dd27abf800 Exception <a 'java/lang/ClassNotFoundException'{0x00000000ee8ae640}: java/lang/ThrowableCustomizer> (0x00000000ee8ae640) thrown at [./src/hotspot/share/classfile/systemDictionary.cpp, line 231]
Event: 656.017 Thread 0x000001dd27abf800 Exception <a 'java/lang/ClassNotFoundException'{0x00000000ee8c81a0}: java/lang/ErrorCustomizer> (0x00000000ee8c81a0) thrown at [./src/hotspot/share/classfile/systemDictionary.cpp, line 231]
Event: 656.017 Thread 0x000001dd27abf800 Exception <a 'java/lang/ClassNotFoundException'{0x00000000ee8dda68}: java/lang/AssertionErrorCustomizer> (0x00000000ee8dda68) thrown at [./src/hotspot/share/classfile/systemDictionary.cpp, line 231]
Event: 656.018 Thread 0x000001dd27abf800 Exception <a 'java/lang/ClassNotFoundException'{0x00000000ee704570}: org/gradle/internal/serialize/PlaceholderAssertionErrorCustomizer> (0x00000000ee704570) thrown at [./src/hotspot/share/classfile/systemDictionary.cpp, line 231]
Event: 656.020 Thread 0x000001dd27abf800 Exception <a 'java/lang/ClassNotFoundException'{0x00000000ee73f140}: java/io/PrintWriterBeanInfo> (0x00000000ee73f140) thrown at [./src/hotspot/share/classfile/systemDictionary.cpp, line 231]
Event: 656.021 Thread 0x000001dd27abf800 Exception <a 'java/lang/ClassNotFoundException'{0x00000000ee751420}: java/io/PrintWriterCustomizer> (0x00000000ee751420) thrown at [./src/hotspot/share/classfile/systemDictionary.cpp, line 231]
Event: 656.028 Thread 0x000001dd27abf800 Exception <a 'java/lang/ClassNotFoundException'{0x00000000ee65ea98}: org/gradle/internal/serialize/PlaceholderExceptionBeanInfo> (0x00000000ee65ea98) thrown at [./src/hotspot/share/classfile/systemDictionary.cpp, line 231]
Event: 656.029 Thread 0x000001dd27abf800 Exception <a 'java/lang/ClassNotFoundException'{0x00000000ee671df8}: java/lang/RuntimeExceptionBeanInfo> (0x00000000ee671df8) thrown at [./src/hotspot/share/classfile/systemDictionary.cpp, line 231]
Event: 656.029 Thread 0x000001dd27abf800 Exception <a 'java/lang/ClassNotFoundException'{0x00000000ee684b68}: java/lang/ExceptionBeanInfo> (0x00000000ee684b68) thrown at [./src/hotspot/share/classfile/systemDictionary.cpp, line 231]
Event: 656.029 Thread 0x000001dd27abf800 Exception <a 'java/lang/ClassNotFoundException'{0x00000000ee697958}: java/lang/ExceptionCustomizer> (0x00000000ee697958) thrown at [./src/hotspot/share/classfile/systemDictionary.cpp, line 231]
Event: 656.030 Thread 0x000001dd27abf800 Exception <a 'java/lang/ClassNotFoundException'{0x00000000ee6ad890}: java/lang/RuntimeExceptionCustomizer> (0x00000000ee6ad890) thrown at [./src/hotspot/share/classfile/systemDictionary.cpp, line 231]
Event: 656.031 Thread 0x000001dd27abf800 Exception <a 'java/lang/ClassNotFoundException'{0x00000000ee6d3930}: org/gradle/internal/serialize/PlaceholderExceptionCustomizer> (0x00000000ee6d3930) thrown at [./src/hotspot/share/classfile/systemDictionary.cpp, line 231]
Event: 810.626 Thread 0x000001dd2de56000 Implicit null exception at 0x000001dd1b1c3a70 to 0x000001dd1b1c3ace
Event: 811.034 Thread 0x000001dd28621800 Exception <a 'java/lang/reflect/InvocationTargetException'{0x00000000ed983208}> (0x00000000ed983208) thrown at [./src/hotspot/share/runtime/reflection.cpp, line 1247]
Event: 1765.541 Thread 0x000001dd28626800 Implicit null exception at 0x000001dd1b17f4fc to 0x000001dd1b17f68c
Event: 1765.919 Thread 0x000001dd2b008000 Exception <a 'sun/nio/fs/WindowsException'{0x00000000ef97b6d0}> (0x00000000ef97b6d0) thrown at [./src/hotspot/share/prims/jni.cpp, line 616]
Event: 1766.558 Thread 0x000001dd2b008000 Exception <a 'java/lang/reflect/InvocationTargetException'{0x00000000ef8cf9b8}> (0x00000000ef8cf9b8) thrown at [./src/hotspot/share/runtime/reflection.cpp, line 1247]

Events (20 events):
Event: 1766.660 Executing VM operation: RevokeBias
Event: 1766.660 Executing VM operation: RevokeBias done
Event: 1766.660 Executing VM operation: RevokeBias
Event: 1766.660 Executing VM operation: RevokeBias done
Event: 1766.660 Executing VM operation: RevokeBias
Event: 1766.660 Executing VM operation: RevokeBias done
Event: 1766.660 Executing VM operation: RevokeBias
Event: 1766.660 Executing VM operation: RevokeBias done
Event: 1766.660 Executing VM operation: RevokeBias
Event: 1766.661 Executing VM operation: RevokeBias done
Event: 1766.661 Executing VM operation: RevokeBias
Event: 1766.661 Executing VM operation: RevokeBias done
Event: 1766.661 Executing VM operation: RevokeBias
Event: 1766.661 Executing VM operation: RevokeBias done
Event: 1766.661 Executing VM operation: RevokeBias
Event: 1766.662 Executing VM operation: RevokeBias done
Event: 1766.662 Executing VM operation: RevokeBias
Event: 1766.663 Executing VM operation: RevokeBias done
Event: 1766.663 Executing VM operation: RevokeBias
Event: 1766.663 Executing VM operation: RevokeBias done


Dynamic libraries:
0x00007ff74a7e0000 - 0x00007ff74a7ed000 	C:\Users\ibelalov\AppData\Local\Programs\Eclipse Adoptium\jdk-11.0.13.8-hotspot\bin\java.exe
0x00007ff831de0000 - 0x00007ff831fd0000 	C:\WINDOWS\SYSTEM32\ntdll.dll
0x00007ff8319d0000 - 0x00007ff831a82000 	C:\WINDOWS\System32\KERNEL32.DLL
0x00007ff82f0c0000 - 0x00007ff82f363000 	C:\WINDOWS\System32\KERNELBASE.dll
0x00007ff82ef90000 - 0x00007ff82f08a000 	C:\WINDOWS\System32\ucrtbase.dll
0x00007ff81e6d0000 - 0x00007ff81e6e7000 	C:\Users\ibelalov\AppData\Local\Programs\Eclipse Adoptium\jdk-11.0.13.8-hotspot\bin\jli.dll
0x00007ff81e950000 - 0x00007ff81e965000 	C:\Users\ibelalov\AppData\Local\Programs\Eclipse Adoptium\jdk-11.0.13.8-hotspot\bin\VCRUNTIME140.dll
0x00007ff8311c0000 - 0x00007ff831353000 	C:\WINDOWS\System32\USER32.dll
0x00007ff82f090000 - 0x00007ff82f0b1000 	C:\WINDOWS\System32\win32u.dll
0x00007ff82e1c0000 - 0x00007ff82e445000 	C:\WINDOWS\WinSxS\amd64_microsoft.windows.common-controls_6595b64144ccf1df_6.0.18362.356_none_e6c4af7d130f27cc\COMCTL32.dll
0x00007ff831c30000 - 0x00007ff831c56000 	C:\WINDOWS\System32\GDI32.dll
0x00007ff82ff90000 - 0x00007ff83002e000 	C:\WINDOWS\System32\msvcrt.dll
0x00007ff82edf0000 - 0x00007ff82ef84000 	C:\WINDOWS\System32\gdi32full.dll
0x00007ff8305b0000 - 0x00007ff8308e6000 	C:\WINDOWS\System32\combase.dll
0x00007ff82f670000 - 0x00007ff82f70e000 	C:\WINDOWS\System32\msvcp_win.dll
0x00007ff8318b0000 - 0x00007ff8319d0000 	C:\WINDOWS\System32\RPCRT4.dll
0x00007ff82f370000 - 0x00007ff82f3f0000 	C:\WINDOWS\System32\bcryptPrimitives.dll
0x00007ff82fe90000 - 0x00007ff82febe000 	C:\WINDOWS\System32\IMM32.DLL
0x00007ff816380000 - 0x00007ff81641b000 	C:\Users\ibelalov\AppData\Local\Programs\Eclipse Adoptium\jdk-11.0.13.8-hotspot\bin\msvcp140.dll
0x00007fffd1a30000 - 0x00007fffd25ae000 	C:\Users\ibelalov\AppData\Local\Programs\Eclipse Adoptium\jdk-11.0.13.8-hotspot\bin\server\jvm.dll
0x00007ff831c70000 - 0x00007ff831d13000 	C:\WINDOWS\System32\ADVAPI32.dll
0x00007ff830110000 - 0x00007ff8301a7000 	C:\WINDOWS\System32\sechost.dll
0x00007ff830100000 - 0x00007ff830108000 	C:\WINDOWS\System32\PSAPI.DLL
0x00007ff810b70000 - 0x00007ff810b79000 	C:\WINDOWS\SYSTEM32\WSOCK32.dll
0x00007ff82bfa0000 - 0x00007ff82bfc4000 	C:\WINDOWS\SYSTEM32\WINMM.dll
0x00007ff8258b0000 - 0x00007ff8258ba000 	C:\WINDOWS\SYSTEM32\VERSION.dll
0x00007ff831150000 - 0x00007ff8311bf000 	C:\WINDOWS\System32\WS2_32.dll
0x00007ff82bf70000 - 0x00007ff82bf9d000 	C:\WINDOWS\SYSTEM32\WINMMBASE.dll
0x00007ff82eda0000 - 0x00007ff82edea000 	C:\WINDOWS\System32\cfgmgr32.dll
0x00007ff82ed50000 - 0x00007ff82ed61000 	C:\WINDOWS\System32\kernel.appcore.dll
0x00007ff82d090000 - 0x00007ff82d0a0000 	C:\Users\ibelalov\AppData\Local\Programs\Eclipse Adoptium\jdk-11.0.13.8-hotspot\bin\verify.dll
0x00007ff82e7d0000 - 0x00007ff82e9c4000 	C:\WINDOWS\SYSTEM32\DBGHELP.DLL
0x00007ff82e6e0000 - 0x00007ff82e70a000 	C:\WINDOWS\SYSTEM32\dbgcore.DLL
0x00007ff81b470000 - 0x00007ff81b498000 	C:\Users\ibelalov\AppData\Local\Programs\Eclipse Adoptium\jdk-11.0.13.8-hotspot\bin\java.dll
0x00007ff820080000 - 0x00007ff82008a000 	C:\Users\ibelalov\AppData\Local\Programs\Eclipse Adoptium\jdk-11.0.13.8-hotspot\bin\jimage.dll
0x00007ff81b420000 - 0x00007ff81b437000 	C:\Users\ibelalov\AppData\Local\Programs\Eclipse Adoptium\jdk-11.0.13.8-hotspot\bin\zip.dll
0x00007ff830a60000 - 0x00007ff831145000 	C:\WINDOWS\System32\SHELL32.dll
0x00007ff830430000 - 0x00007ff8304d9000 	C:\WINDOWS\System32\shcore.dll
0x00007ff82f710000 - 0x00007ff82fe8e000 	C:\WINDOWS\System32\windows.storage.dll
0x00007ff82ece0000 - 0x00007ff82ecff000 	C:\WINDOWS\System32\profapi.dll
0x00007ff82ed00000 - 0x00007ff82ed4a000 	C:\WINDOWS\System32\powrprof.dll
0x00007ff82ecb0000 - 0x00007ff82ecc0000 	C:\WINDOWS\System32\UMPDC.dll
0x00007ff8300a0000 - 0x00007ff8300f2000 	C:\WINDOWS\System32\shlwapi.dll
0x00007ff82f3f0000 - 0x00007ff82f407000 	C:\WINDOWS\System32\cryptsp.dll
0x00007ff81af70000 - 0x00007ff81af89000 	C:\Users\ibelalov\AppData\Local\Programs\Eclipse Adoptium\jdk-11.0.13.8-hotspot\bin\net.dll
0x00007ff8209e0000 - 0x00007ff820ad0000 	C:\WINDOWS\SYSTEM32\WINHTTP.dll
0x00007ff82ddf0000 - 0x00007ff82de57000 	C:\WINDOWS\system32\mswsock.dll
0x00007ff81af50000 - 0x00007ff81af62000 	C:\Users\ibelalov\AppData\Local\Programs\Eclipse Adoptium\jdk-11.0.13.8-hotspot\bin\nio.dll
0x00007ff816350000 - 0x00007ff816377000 	C:\Users\ibelalov\.gradle\native\8bec1ad78214c89d9ad589b4d07fe93259594b29d510b10fafb7a158f7737e5d\windows-amd64\native-platform.dll
0x00007ffffb240000 - 0x00007ffffb37d000 	C:\Users\ibelalov\.gradle\native\53dbd7edfb1c66fb8903c78663c9afc45aea4f116125fa6feffd364cf09443e8\windows-amd64\native-platform-file-events.dll
0x00007ff81b460000 - 0x00007ff81b469000 	C:\Users\ibelalov\AppData\Local\Programs\Eclipse Adoptium\jdk-11.0.13.8-hotspot\bin\management.dll
0x00007ff81b410000 - 0x00007ff81b41b000 	C:\Users\ibelalov\AppData\Local\Programs\Eclipse Adoptium\jdk-11.0.13.8-hotspot\bin\management_ext.dll
0x00007ff82d970000 - 0x00007ff82d9a3000 	C:\WINDOWS\system32\rsaenh.dll
0x00007ff82ed70000 - 0x00007ff82ed96000 	C:\WINDOWS\System32\bcrypt.dll
0x00007ff82ebd0000 - 0x00007ff82ebf5000 	C:\WINDOWS\SYSTEM32\USERENV.dll
0x00007ff82df70000 - 0x00007ff82df7c000 	C:\WINDOWS\SYSTEM32\CRYPTBASE.dll
0x00007ff82db10000 - 0x00007ff82db4a000 	C:\WINDOWS\SYSTEM32\IPHLPAPI.DLL
0x00007ff831c60000 - 0x00007ff831c68000 	C:\WINDOWS\System32\NSI.dll
0x00007ff82a0f0000 - 0x00007ff82a106000 	C:\WINDOWS\SYSTEM32\dhcpcsvc6.DLL
0x00007ff82a0a0000 - 0x00007ff82a0bc000 	C:\WINDOWS\SYSTEM32\dhcpcsvc.DLL
0x00007ff82db50000 - 0x00007ff82dc1a000 	C:\WINDOWS\SYSTEM32\DNSAPI.dll

dbghelp: loaded successfully - version: 4.0.5 - missing functions: none
symbol engine: initialized successfully - sym options: 0x614 - pdb path: .;C:\Users\ibelalov\AppData\Local\Programs\Eclipse Adoptium\jdk-11.0.13.8-hotspot\bin;C:\WINDOWS\SYSTEM32;C:\WINDOWS\WinSxS\amd64_microsoft.windows.common-controls_6595b64144ccf1df_6.0.18362.356_none_e6c4af7d130f27cc;C:\Users\ibelalov\AppData\Local\Programs\Eclipse Adoptium\jdk-11.0.13.8-hotspot\bin\server;C:\Users\ibelalov\.gradle\native\8bec1ad78214c89d9ad589b4d07fe93259594b29d510b10fafb7a158f7737e5d\windows-amd64;C:\Users\ibelalov\.gradle\native\53dbd7edfb1c66fb8903c78663c9afc45aea4f116125fa6feffd364cf09443e8\windows-amd64

VM Arguments:
jvm_args: --add-opens=java.base/java.util=ALL-UNNAMED --add-opens=java.base/java.lang=ALL-UNNAMED --add-opens=java.base/java.lang.invoke=ALL-UNNAMED --add-opens=java.base/java.util=ALL-UNNAMED --add-opens=java.prefs/java.util.prefs=ALL-UNNAMED --add-opens=java.prefs/java.util.prefs=ALL-UNNAMED --add-opens=java.base/java.nio.charset=ALL-UNNAMED --add-opens=java.base/java.net=ALL-UNNAMED --add-opens=java.base/java.util.concurrent.atomic=ALL-UNNAMED -XX:MaxMetaspaceSize=256m -XX:+HeapDumpOnOutOfMemoryError -Xms256m -Xmx512m -Dfile.encoding=windows-1251 -Duser.country=RU -Duser.language=ru -Duser.variant 
java_command: org.gradle.launcher.daemon.bootstrap.GradleDaemon 7.1
java_class_path (initial): C:\Users\ibelalov\.gradle\wrapper\dists\gradle-7.1-bin\4pslxx9lrxt5svtz5wbnb6tkz\gradle-7.1\lib\gradle-launcher-7.1.jar
Launcher Type: SUN_STANDARD

[Global flags]
     intx CICompilerCount                          = 4                                         {product} {ergonomic}
   size_t CompressedClassSpaceSize                 = 260046848                                 {product} {ergonomic}
     uint ConcGCThreads                            = 2                                         {product} {ergonomic}
     uint G1ConcRefinementThreads                  = 8                                         {product} {ergonomic}
   size_t G1HeapRegionSize                         = 1048576                                   {product} {ergonomic}
    uintx GCDrainStackTargetSize                   = 64                                        {product} {ergonomic}
     bool HeapDumpOnOutOfMemoryError               = true                                   {manageable} {command line}
   size_t InitialHeapSize                          = 268435456                                 {product} {command line}
   size_t MarkStackSize                            = 4194304                                   {product} {ergonomic}
   size_t MaxHeapSize                              = 536870912                                 {product} {command line}
   size_t MaxMetaspaceSize                         = 268435456                                 {product} {command line}
   size_t MaxNewSize                               = 321912832                                 {product} {ergonomic}
   size_t MinHeapDeltaBytes                        = 1048576                                   {product} {ergonomic}
    uintx NonNMethodCodeHeapSize                   = 5836300                                {pd product} {ergonomic}
    uintx NonProfiledCodeHeapSize                  = 122910970                              {pd product} {ergonomic}
    uintx ProfiledCodeHeapSize                     = 122910970                              {pd product} {ergonomic}
    uintx ReservedCodeCacheSize                    = 251658240                              {pd product} {ergonomic}
     bool SegmentedCodeCache                       = true                                      {product} {ergonomic}
     bool UseCompressedClassPointers               = true                                 {lp64_product} {ergonomic}
     bool UseCompressedOops                        = true                                 {lp64_product} {ergonomic}
     bool UseG1GC                                  = true                                      {product} {ergonomic}
     bool UseLargePagesIndividualAllocation        = false                                  {pd product} {ergonomic}

Logging:
Log output configuration:
 #0: stdout all=warning uptime,level,tags
 #1: stderr all=off uptime,level,tags

Environment Variables:
JAVA_HOME=C:\Users\ibelalov\AppData\Local\Programs\Eclipse Adoptium\jdk-11.0.13.8-hotspot\
PATH=C:\Program Files (x86)\Intel\iCLS Client\;C:\Program Files\Intel\iCLS Client\;C:\WINDOWS\system32;C:\WINDOWS;C:\WINDOWS\System32\Wbem;C:\WINDOWS\System32\WindowsPowerShell\v1.0\;C:\Program Files (x86)\Intel\Intel(R) Management Engine Components\DAL;C:\Program Files\Intel\Intel(R) Management Engine Components\DAL;C:\Program Files (x86)\Intel\Intel(R) Management Engine Components\IPT;C:\Program Files\Intel\Intel(R) Management Engine Components\IPT;C:\WINDOWS\System32\OpenSSH\;C:\Program Files\Intel\WiFi\bin\;C:\Program Files\Common Files\Intel\WirelessCommon\;C:\Program Files\dotnet\;C:\Program Files\Microsoft SQL Server\130\Tools\Binn\;C:\Program Files (x86)\Microsoft SQL Server\150\DTS\Binn\;C:\Program Files\Git\cmd;C:\Program Files\nodejs\;C:\Program Files\Docker\Docker\resources\bin;C:\ProgramData\DockerDesktop\version-bin;C:\Users\ibelalov\AppData\Local\Programs\Eclipse Adoptium\jdk-11.0.13.8-hotspot\bin;C:\Users\ibelalov\AppData\Local\Microsoft\WindowsApps;C:\Users\ibelalov\AppData\Roaming\npm;C:\Users\ibelalov\AppData\Local\Programs\Fiddler;C:\Users\ibelalov\AppData\Local\Programs\Microsoft VS Code\bin;C:\Users\ibelalov\AppData\Local\JetBrains\IntelliJ IDEA 2021.3.1\bin;
USERNAME=ibelalov
OS=Windows_NT
PROCESSOR_IDENTIFIER=Intel64 Family 6 Model 158 Stepping 9, GenuineIntel



---------------  S Y S T E M  ---------------

OS: Windows 10 , 64 bit Build 18362 (10.0.18362.329)
OS uptime: 5 days 6:09 hours
Hyper-V role detected

CPU:total 8 (initial active 8) (4 cores per cpu, 2 threads per core) family 6 model 158 stepping 9 microcode 0x8e, cmov, cx8, fxsr, mmx, sse, sse2, sse3, ssse3, sse4.1, sse4.2, popcnt, avx, avx2, aes, clmul, erms, rtm, 3dnowpref, lzcnt, ht, tsc, tscinvbit, bmi1, bmi2, adx, fma

Memory: 4k page, system-wide physical 16275M (4232M free)
TotalPageFile size 22163M (AvailPageFile size 7366M)
current process WorkingSet (physical memory assigned to process): 538M, peak: 558M
current process commit charge ("private bytes"): 591M, peak: 608M

vm_info: OpenJDK 64-Bit Server VM (11.0.13+8) for windows-amd64 JRE (11.0.13+8), built on Oct 19 2021 17:05:59 by "" with unknown MS VC++:1916

END.
